[  7] Utilization = 1.00 | pJ/MACC =   26.436 | L5[WIO] C3 - L4[] Q13 M16Y C16X - L3[W] S3 R3 - L2[W] P13 - L1[I] Q1 - L0[O] Q1 
[  7] Utilization = 1.00 | pJ/MACC =   21.319 | L5[WIO] C3 - L4[I] Q13 M16Y C16X - L3[W] S3 R3 - L2[W] P13 - L1[I] Q1 - L0[O] Q1 
[  5] Utilization = 1.00 | pJ/MACC =   26.436 | L5[WIO] Q1 - L4[] Q13 M16Y C16X - L3[W] C3 S3 R3 - L2[W] P13 - L1[I] Q1 - L0[O] Q1 
[  5] Utilization = 1.00 | pJ/MACC =   21.319 | L5[WIO] Q1 - L4[I] Q13 M16Y C16X - L3[W] C3 S3 R3 - L2[W] P13 - L1[I] Q1 - L0[O] Q1 
[  6] Utilization = 1.00 | pJ/MACC =   26.436 | L5[WIO] Q1 - L4[] C3 Q13 M16Y C16X - L3[W] S3 R3 - L2[W] P13 - L1[I] Q1 - L0[O] Q1 
[  6] Utilization = 1.00 | pJ/MACC =   21.319 | L5[WIO] Q1 - L4[I] C3 Q13 M16Y C16X - L3[W] S3 R3 - L2[W] P13 - L1[I] Q1 - L0[O] Q1 
[  5] Utilization = 1.00 | pJ/MACC =   21.266 | L5[WIO] Q1 - L4[I] Q1 M16Y C16X - L3[W] C3 S3 R3 - L2[W] Q13 P13 - L1[I] Q1 - L0[O] Q1 
[  6] Utilization = 1.00 | pJ/MACC =   21.266 | L5[WIO] Q1 - L4[I] C3 M16Y C16X - L3[W] S3 R3 - L2[W] Q13 P13 - L1[I] Q1 - L0[O] Q1 
[  7] Utilization = 1.00 | pJ/MACC =   21.266 | L5[WIO] C3 - L4[I] Q1 M16Y C16X - L3[W] S3 R3 - L2[W] Q13 P13 - L1[I] Q1 - L0[O] Q1 
[  5] Utilization = 1.00 | pJ/MACC =   12.903 | L5[WIO] Q1 - L4[] P13 Q13 M16Y C16X - L3[W] C3 S3 R3 - L2[W] Q1 - L1[I] Q1 - L0[O] Q1 
[  5] Utilization = 1.00 | pJ/MACC =    7.436 | L5[WIO] Q1 - L4[I] P13 Q13 M16Y C16X - L3[W] C3 S3 R3 - L2[W] Q1 - L1[I] Q1 - L0[O] Q1 
[  7] Utilization = 1.00 | pJ/MACC =   14.089 | L5[WIO] C3 - L4[] P13 Q13 M16Y C16X - L3[W] S3 R3 - L2[W] Q1 - L1[I] Q1 - L0[O] Q1 
[  7] Utilization = 1.00 | pJ/MACC =    8.621 | L5[WIO] C3 - L4[I] P13 Q13 M16Y C16X - L3[W] S3 R3 - L2[W] Q1 - L1[I] Q1 - L0[O] Q1 
[  6] Utilization = 1.00 | pJ/MACC =   14.089 | L5[WIO] Q1 - L4[] C3 Q13 P13 M16Y C16X - L3[W] S3 R3 - L2[W] Q1 - L1[I] Q1 - L0[O] Q1 
[  6] Utilization = 1.00 | pJ/MACC =    8.621 | L5[WIO] Q1 - L4[I] C3 Q13 P13 M16Y C16X - L3[W] S3 R3 - L2[W] Q1 - L1[I] Q1 - L0[O] Q1 
[  5] STATEMENT: 3000 suboptimal mappings found since the last upgrade, terminating search.
[  0] STATEMENT: 15000 invalid mappings (0 fanout, 15000 capacity) found since the last valid mapping, terminating search.
[  1] STATEMENT: 15000 invalid mappings (0 fanout, 15000 capacity) found since the last valid mapping, terminating search.
[  4] STATEMENT: 15000 invalid mappings (0 fanout, 15000 capacity) found since the last valid mapping, terminating search.
[  3] STATEMENT: 15000 invalid mappings (0 fanout, 15000 capacity) found since the last valid mapping, terminating search.
[  2] STATEMENT: 15000 invalid mappings (0 fanout, 15000 capacity) found since the last valid mapping, terminating search.
[  7] STATEMENT: 3000 suboptimal mappings found since the last upgrade, terminating search.
[  6] STATEMENT: 3000 suboptimal mappings found since the last upgrade, terminating search.
