[  5] Utilization = 1.00 | pJ/MACC =   22.216 | L5[WIO] C6 - L4[] P13 M12 Q13 M16Y C16X - L3[W] C4 S3 R3 - L2[W] Q1 - L1[I] Q1 - L0[O] Q1 
[  5] Utilization = 1.00 | pJ/MACC =   15.504 | L5[WIO] C6 - L4[I] P13 M12 Q13 M16Y C16X - L3[W] C4 S3 R3 - L2[W] Q1 - L1[I] Q1 - L0[O] Q1 
[  2] Utilization = 1.00 | pJ/MACC =  143.168 | L5[WIO] C4 - L4[] P13 C6 Q13 M12 M16Y C16X - L3[W] S3 R3 - L2[W] Q1 - L1[I] Q1 - L0[O] Q1 
[  2] Utilization = 1.00 | pJ/MACC =  136.456 | L5[WIO] C4 - L4[I] P13 C6 Q13 M12 M16Y C16X - L3[W] S3 R3 - L2[W] Q1 - L1[I] Q1 - L0[O] Q1 
[  1] Utilization = 1.00 | pJ/MACC =  142.278 | L5[WIO] C4 - L4[] P13 C3 Q13 M12 M16Y C16X - L3[W] C2 S3 R3 - L2[W] Q1 - L1[I] Q1 - L0[O] Q1 
[  1] Utilization = 1.00 | pJ/MACC =  135.567 | L5[WIO] C4 - L4[I] P13 C3 Q13 M12 M16Y C16X - L3[W] C2 S3 R3 - L2[W] Q1 - L1[I] Q1 - L0[O] Q1 
[  0] Utilization = 1.00 | pJ/MACC =  143.168 | L5[WIO] C6 M2 Q13 - L4[] P13 C4 M16Y C16X - L3[W] M6 S3 R3 - L2[W] Q1 - L1[I] Q1 - L0[O] Q1 
[  0] Utilization = 1.00 | pJ/MACC =  136.569 | L5[WIO] C6 M2 Q13 - L4[I] P13 C4 M16Y C16X - L3[W] M6 S3 R3 - L2[W] Q1 - L1[I] Q1 - L0[O] Q1 
[  7] Utilization = 1.00 | pJ/MACC =  142.278 | L5[WIO] C6 - L4[] P13 C2 Q13 M12 M16Y C16X - L3[W] C2 S3 R3 - L2[W] Q1 - L1[I] Q1 - L0[O] Q1 
[  7] Utilization = 1.00 | pJ/MACC =  135.567 | L5[WIO] C6 - L4[I] P13 C2 Q13 M12 M16Y C16X - L3[W] C2 S3 R3 - L2[W] Q1 - L1[I] Q1 - L0[O] Q1 
[  4] Utilization = 1.00 | pJ/MACC =   36.308 | L5[WIO] C2 - L4[] P13 C4 M6 M16Y C16X - L3[W] M2 C3 S3 R3 - L2[W] Q13 - L1[I] Q1 - L0[O] Q1 
[  4] Utilization = 1.00 | pJ/MACC =   29.596 | L5[WIO] C2 - L4[I] P13 C4 M6 M16Y C16X - L3[W] M2 C3 S3 R3 - L2[W] Q13 - L1[I] Q1 - L0[O] Q1 
[  2] Utilization = 1.00 | pJ/MACC =   14.348 | L5[WIO] C4 - L4[] M12 C6 Q13 P13 M16Y C16X - L3[W] S3 R3 - L2[W] Q1 - L1[I] Q1 - L0[O] Q1 
[  2] Utilization = 1.00 | pJ/MACC =    7.637 | L5[WIO] C4 - L4[I] M12 C6 Q13 P13 M16Y C16X - L3[W] S3 R3 - L2[W] Q1 - L1[I] Q1 - L0[O] Q1 
[  6] Utilization = 1.00 | pJ/MACC =  143.168 | L5[WIO] C12 M2 Q13 - L4[] P13 C2 M16Y C16X - L3[W] M6 S3 R3 - L2[W] Q1 - L1[I] Q1 - L0[O] Q1 
[  6] Utilization = 1.00 | pJ/MACC =  136.569 | L5[WIO] C12 M2 Q13 - L4[I] P13 C2 M16Y C16X - L3[W] M6 S3 R3 - L2[W] Q1 - L1[I] Q1 - L0[O] Q1 
[  3] Utilization = 1.00 | pJ/MACC =  143.168 | L5[WIO] C8 M2 Q13 - L4[] P13 C3 M16Y C16X - L3[W] M6 S3 R3 - L2[W] Q1 - L1[I] Q1 - L0[O] Q1 
[  3] Utilization = 1.00 | pJ/MACC =  136.569 | L5[WIO] C8 M2 Q13 - L4[I] P13 C3 M16Y C16X - L3[W] M6 S3 R3 - L2[W] Q1 - L1[I] Q1 - L0[O] Q1 
[  1] Utilization = 1.00 | pJ/MACC =   13.459 | L5[WIO] C4 - L4[] M12 C3 Q13 P13 M16Y C16X - L3[W] C2 S3 R3 - L2[W] Q1 - L1[I] Q1 - L0[O] Q1 
[  1] Utilization = 1.00 | pJ/MACC =    6.747 | L5[WIO] C4 - L4[I] M12 C3 Q13 P13 M16Y C16X - L3[W] C2 S3 R3 - L2[W] Q1 - L1[I] Q1 - L0[O] Q1 
[  7] Utilization = 1.00 | pJ/MACC =   13.459 | L5[WIO] C6 - L4[] M12 C2 Q13 P13 M16Y C16X - L3[W] C2 S3 R3 - L2[W] Q1 - L1[I] Q1 - L0[O] Q1 
[  7] Utilization = 1.00 | pJ/MACC =    6.747 | L5[WIO] C6 - L4[I] M12 C2 Q13 P13 M16Y C16X - L3[W] C2 S3 R3 - L2[W] Q1 - L1[I] Q1 - L0[O] Q1 
[  5] Utilization = 1.00 | pJ/MACC =   13.014 | L5[WIO] C6 - L4[] M12 P13 Q13 M16Y C16X - L3[W] C4 S3 R3 - L2[W] Q1 - L1[I] Q1 - L0[O] Q1 
[  5] Utilization = 1.00 | pJ/MACC =    6.303 | L5[WIO] C6 - L4[I] M12 P13 Q13 M16Y C16X - L3[W] C4 S3 R3 - L2[W] Q1 - L1[I] Q1 - L0[O] Q1 
[  0] Utilization = 1.00 | pJ/MACC =   23.550 | L5[WIO] M2 C6 Q13 - L4[] C4 P13 M16Y C16X - L3[W] M6 S3 R3 - L2[W] Q1 - L1[I] Q1 - L0[O] Q1 
[  0] Utilization = 1.00 | pJ/MACC =   16.951 | L5[WIO] M2 C6 Q13 - L4[I] C4 P13 M16Y C16X - L3[W] M6 S3 R3 - L2[W] Q1 - L1[I] Q1 - L0[O] Q1 
[  6] Utilization = 1.00 | pJ/MACC =   23.550 | L5[WIO] M2 C12 Q13 - L4[] C2 P13 M16Y C16X - L3[W] M6 S3 R3 - L2[W] Q1 - L1[I] Q1 - L0[O] Q1 
[  6] Utilization = 1.00 | pJ/MACC =   16.951 | L5[WIO] M2 C12 Q13 - L4[I] C2 P13 M16Y C16X - L3[W] M6 S3 R3 - L2[W] Q1 - L1[I] Q1 - L0[O] Q1 
[  3] Utilization = 1.00 | pJ/MACC =   23.550 | L5[WIO] M2 C8 Q13 - L4[] C3 P13 M16Y C16X - L3[W] M6 S3 R3 - L2[W] Q1 - L1[I] Q1 - L0[O] Q1 
[  3] Utilization = 1.00 | pJ/MACC =   16.951 | L5[WIO] M2 C8 Q13 - L4[I] C3 P13 M16Y C16X - L3[W] M6 S3 R3 - L2[W] Q1 - L1[I] Q1 - L0[O] Q1 
[  4] Utilization = 1.00 | pJ/MACC =   27.106 | L5[WIO] C2 - L4[] C4 M6 P13 M16Y C16X - L3[W] M2 C3 S3 R3 - L2[W] Q13 - L1[I] Q1 - L0[O] Q1 
[  4] Utilization = 1.00 | pJ/MACC =   20.395 | L5[WIO] C2 - L4[I] C4 M6 P13 M16Y C16X - L3[W] M2 C3 S3 R3 - L2[W] Q13 - L1[I] Q1 - L0[O] Q1 
[  2] Utilization = 1.00 | pJ/MACC =    6.564 | L5[WIO] C8 M2 Q13 - L4[I] P13 M16Y C16X - L3[W] M6 C3 S3 R3 - L2[W] Q1 - L1[I] Q1 - L0[O] Q1 
[  3] Utilization = 1.00 | pJ/MACC =   15.463 | L5[WIO] P13 C3 M4 - L4[I] M3 Q13 M16Y C16X - L3[W] C8 S3 R3 - L2[W] Q1 - L1[I] Q1 - L0[O] Q1 
[  3] Utilization = 1.00 | pJ/MACC =   15.282 | L5[WIO] C3 P13 M4 - L4[I] M3 Q13 M16Y C16X - L3[W] C8 S3 R3 - L2[W] Q1 - L1[I] Q1 - L0[O] Q1 
[  6] Utilization = 1.00 | pJ/MACC =   16.567 | L5[WIO] P13 M4 C3 - L4[I] C2 M3 Q13 M16Y C16X - L3[W] C4 S3 R3 - L2[W] Q1 - L1[I] Q1 - L0[O] Q1 
[  6] Utilization = 1.00 | pJ/MACC =   15.504 | L5[WIO] C3 P13 M4 - L4[I] C2 M3 Q13 M16Y C16X - L3[W] C4 S3 R3 - L2[W] Q1 - L1[I] Q1 - L0[O] Q1 
[  5] Utilization = 1.00 | pJ/MACC =    6.268 | L5[WIO] M2 C4 - L4[I] M2 P13 Q13 M16Y C16X - L3[W] M3 C6 S3 R3 - L2[W] Q1 - L1[I] Q1 - L0[O] Q1 
[  4] Utilization = 1.00 | pJ/MACC =   20.334 | L5[WIO] C2 M2 - L4[I] C4 M3 Q13 M16Y C16X - L3[W] M2 C3 S3 R3 - L2[W] P13 - L1[I] Q1 - L0[O] Q1 
[  5] Utilization = 1.00 | pJ/MACC =    6.155 | L5[WIO] C4 M2 - L4[I] M2 Q13 P13 M16Y C16X - L3[W] M3 C6 S3 R3 - L2[W] Q1 - L1[I] Q1 - L0[O] Q1 
[  4] Utilization = 1.00 | pJ/MACC =   20.281 | L5[WIO] C2 M2 - L4[I] C4 M6 M16Y C16X - L3[W] C3 S3 R3 Q13 P13 - L2[W] Q1 - L1[I] Q1 - L0[O] Q1 
[  0] Utilization = 1.00 | pJ/MACC =   15.949 | L5[WIO] C3 M2 - L4[I] Q13 C4 M2 P13 M16Y C16X - L3[W] M3 C2 S3 R3 - L2[W] Q1 - L1[I] Q1 - L0[O] Q1 
[  4] Utilization = 1.00 | pJ/MACC =   16.421 | L5[WIO] P13 M3 C2 - L4[I] M2 C4 Q13 M16Y C16X - L3[W] M2 C3 S3 R3 - L2[W] Q1 - L1[I] Q1 - L0[O] Q1 
[  0] Utilization = 1.00 | pJ/MACC =   13.459 | L5[WIO] C3 M12 - L4[] C4 Q13 P13 M16Y C16X - L3[W] C2 S3 R3 - L2[W] Q1 - L1[I] Q1 - L0[O] Q1 
[  0] Utilization = 1.00 | pJ/MACC =    6.747 | L5[WIO] C3 M12 - L4[I] C4 Q13 P13 M16Y C16X - L3[W] C2 S3 R3 - L2[W] Q1 - L1[I] Q1 - L0[O] Q1 
[  3] Utilization = 1.00 | pJ/MACC =   14.348 | L5[WIO] C3 M6 P13 Q13 - L4[] Q1 M16Y C16X - L3[W] C8 M2 S3 R3 - L2[W] Q1 - L1[I] Q1 - L0[O] Q1 
[  3] Utilization = 1.00 | pJ/MACC =    9.288 | L5[WIO] C3 M6 P13 Q13 - L4[I] Q1 M16Y C16X - L3[W] C8 M2 S3 R3 - L2[W] Q1 - L1[I] Q1 - L0[O] Q1 
[  3] Utilization = 1.00 | pJ/MACC =    6.006 | L5[WIO] C2 - L4[I] M12 P13 Q13 M16Y C16X - L3[W] C12 S3 R3 - L2[W] Q1 - L1[I] Q1 - L0[O] Q1 
[  7] Utilization = 1.00 | pJ/MACC =    6.451 | L5[WIO] C4 M2 - L4[I] M2 C2 P13 Q13 M16Y C16X - L3[W] M3 C3 S3 R3 - L2[W] Q1 - L1[I] Q1 - L0[O] Q1 
[  4] Utilization = 1.00 | pJ/MACC =   15.949 | L5[WIO] P13 - L4[I] M6 C12 Q13 M16Y C16X - L3[W] M2 C2 S3 R3 - L2[W] Q1 - L1[I] Q1 - L0[O] Q1 
[  4] Utilization = 1.00 | pJ/MACC =   15.833 | L5[WIO] Q13 C2 - L4[I] M2 C4 P13 M16Y C16X - L3[W] M6 C3 S3 R3 - L2[W] Q1 - L1[I] Q1 - L0[O] Q1 
[  4] Utilization = 1.00 | pJ/MACC =   15.652 | L5[WIO] C2 Q13 - L4[I] M2 C4 P13 M16Y C16X - L3[W] M6 C3 S3 R3 - L2[W] Q1 - L1[I] Q1 - L0[O] Q1 
[  2] Utilization = 1.00 | pJ/MACC =    6.303 | L5[WIO] C2 M12 - L4[I] C3 Q13 P13 M16Y C16X - L3[W] C4 S3 R3 - L2[W] Q1 - L1[I] Q1 - L0[O] Q1 
[  4] Utilization = 1.00 | pJ/MACC =   13.163 | L5[WIO] M12 C2 - L4[] C4 P13 Q13 M16Y C16X - L3[W] C3 S3 R3 - L2[W] Q1 - L1[I] Q1 - L0[O] Q1 
[  4] Utilization = 1.00 | pJ/MACC =    7.695 | L5[WIO] M12 C2 - L4[I] C4 P13 Q13 M16Y C16X - L3[W] C3 S3 R3 - L2[W] Q1 - L1[I] Q1 - L0[O] Q1 
[  4] Utilization = 1.00 | pJ/MACC =    6.451 | L5[WIO] C2 M12 - L4[I] C4 P13 Q13 M16Y C16X - L3[W] C3 S3 R3 - L2[W] Q1 - L1[I] Q1 - L0[O] Q1 
[  6] Utilization = 1.00 | pJ/MACC =   13.459 | L5[WIO] M12 C2 - L4[] C6 Q13 P13 M16Y C16X - L3[W] C2 S3 R3 - L2[W] Q1 - L1[I] Q1 - L0[O] Q1 
[  6] Utilization = 1.00 | pJ/MACC =    7.992 | L5[WIO] M12 C2 - L4[I] C6 Q13 P13 M16Y C16X - L3[W] C2 S3 R3 - L2[W] Q1 - L1[I] Q1 - L0[O] Q1 
[  6] Utilization = 1.00 | pJ/MACC =    6.747 | L5[WIO] C2 M12 - L4[I] C6 P13 Q13 M16Y C16X - L3[W] C2 S3 R3 - L2[W] Q1 - L1[I] Q1 - L0[O] Q1 
[  7] Utilization = 1.00 | pJ/MACC =    6.155 | L5[WIO] C2 - L4[I] M12 C2 P13 Q13 M16Y C16X - L3[W] C6 S3 R3 - L2[W] Q1 - L1[I] Q1 - L0[O] Q1 
[  6] Utilization = 1.00 | pJ/MACC =    6.303 | L5[WIO] C3 M12 - L4[I] C2 Q13 P13 M16Y C16X - L3[W] C4 S3 R3 - L2[W] Q1 - L1[I] Q1 - L0[O] Q1 
[  5] STATEMENT: 3000 suboptimal mappings found since the last upgrade, terminating search.
[  3] STATEMENT: 3000 suboptimal mappings found since the last upgrade, terminating search.
[  0] STATEMENT: 3000 suboptimal mappings found since the last upgrade, terminating search.
[  1] STATEMENT: 3000 suboptimal mappings found since the last upgrade, terminating search.
[  2] STATEMENT: 3000 suboptimal mappings found since the last upgrade, terminating search.
[  7] STATEMENT: 3000 suboptimal mappings found since the last upgrade, terminating search.
[  4] STATEMENT: 3000 suboptimal mappings found since the last upgrade, terminating search.
[  6] STATEMENT: 3000 suboptimal mappings found since the last upgrade, terminating search.
