[  1] Utilization = 1.00 | pJ/MACC =  143.131 | L5[WIO] Q1 - L4[] P13 C12 Q13 M2 M16Y C16X - L3[W] M2 S3 R3 - L2[W] Q1 - L1[I] Q1 - L0[O] Q1 
[  1] Utilization = 1.00 | pJ/MACC =  136.645 | L5[WIO] Q1 - L4[I] P13 C12 Q13 M2 M16Y C16X - L3[W] M2 S3 R3 - L2[W] Q1 - L1[I] Q1 - L0[O] Q1 
[  1] Utilization = 1.00 | pJ/MACC =   14.311 | L5[WIO] Q1 - L4[] M2 C12 Q13 P13 M16Y C16X - L3[W] M2 S3 R3 - L2[W] Q1 - L1[I] Q1 - L0[O] Q1 
[  1] Utilization = 1.00 | pJ/MACC =    7.826 | L5[WIO] Q1 - L4[I] M2 C12 Q13 P13 M16Y C16X - L3[W] M2 S3 R3 - L2[W] Q1 - L1[I] Q1 - L0[O] Q1 
[  0] Utilization = 1.00 | pJ/MACC =   13.422 | L5[WIO] Q1 - L4[] C6 M2 Q13 P13 M16Y C16X - L3[W] M2 C2 S3 R3 - L2[W] Q1 - L1[I] Q1 - L0[O] Q1 
[  0] Utilization = 1.00 | pJ/MACC =    6.937 | L5[WIO] Q1 - L4[I] C6 M2 Q13 P13 M16Y C16X - L3[W] M2 C2 S3 R3 - L2[W] Q1 - L1[I] Q1 - L0[O] Q1 
[  5] Utilization = 1.00 | pJ/MACC =   12.829 | L5[WIO] C2 - L4[] M2 P13 Q13 M16Y C16X - L3[W] M2 C6 S3 R3 - L2[W] Q1 - L1[I] Q1 - L0[O] Q1 
[  5] Utilization = 1.00 | pJ/MACC =    6.344 | L5[WIO] C2 - L4[I] M2 P13 Q13 M16Y C16X - L3[W] M2 C6 S3 R3 - L2[W] Q1 - L1[I] Q1 - L0[O] Q1 
[  2] Utilization = 1.00 | pJ/MACC =   14.311 | L5[WIO] C2 - L4[] M2 C6 Q13 P13 M16Y C16X - L3[W] M2 S3 R3 - L2[W] Q1 - L1[I] Q1 - L0[O] Q1 
[  2] Utilization = 1.00 | pJ/MACC =    7.826 | L5[WIO] C2 - L4[I] M2 C6 Q13 P13 M16Y C16X - L3[W] M2 S3 R3 - L2[W] Q1 - L1[I] Q1 - L0[O] Q1 
[  4] Utilization = 1.00 | pJ/MACC =   22.179 | L5[WIO] Q13 M2 - L4[] M2 C3 P13 M16Y C16X - L3[W] C4 S3 R3 - L2[W] Q1 - L1[I] Q1 - L0[O] Q1 
[  4] Utilization = 1.00 | pJ/MACC =   15.693 | L5[WIO] Q13 M2 - L4[I] M2 C3 P13 M16Y C16X - L3[W] C4 S3 R3 - L2[W] Q1 - L1[I] Q1 - L0[O] Q1 
[  6] Utilization = 1.00 | pJ/MACC =   22.327 | L5[WIO] Q13 M2 - L4[] M2 C4 P13 M16Y C16X - L3[W] C3 S3 R3 - L2[W] Q1 - L1[I] Q1 - L0[O] Q1 
[  6] Utilization = 1.00 | pJ/MACC =   15.841 | L5[WIO] Q13 M2 - L4[I] M2 C4 P13 M16Y C16X - L3[W] C3 S3 R3 - L2[W] Q1 - L1[I] Q1 - L0[O] Q1 
[  3] Utilization = 1.00 | pJ/MACC =  141.945 | L5[WIO] P13 M2 C4 - L4[] Q13 M2 C3 M16Y C16X - L3[W] S3 R3 - L2[W] Q1 - L1[I] Q1 - L0[O] Q1 
[  3] Utilization = 1.00 | pJ/MACC =  136.884 | L5[WIO] P13 M2 C4 - L4[I] Q13 M2 C3 M16Y C16X - L3[W] S3 R3 - L2[W] Q1 - L1[I] Q1 - L0[O] Q1 
[  7] Utilization = 1.00 | pJ/MACC =   13.126 | L5[WIO] C2 - L4[] C2 M2 Q13 P13 M16Y C16X - L3[W] M2 C3 S3 R3 - L2[W] Q1 - L1[I] Q1 - L0[O] Q1 
[  7] Utilization = 1.00 | pJ/MACC =    6.640 | L5[WIO] C2 - L4[I] C2 M2 Q13 P13 M16Y C16X - L3[W] M2 C3 S3 R3 - L2[W] Q1 - L1[I] Q1 - L0[O] Q1 
[  3] Utilization = 1.00 | pJ/MACC =  136.002 | L5[WIO] P13 C4 M2 - L4[I] Q13 M2 C3 M16Y C16X - L3[W] S3 R3 - L2[W] Q1 - L1[I] Q1 - L0[O] Q1 
[  3] Utilization = 1.00 | pJ/MACC =   23.513 | L5[WIO] P13 M2 C4 - L4[] M2 C3 Q13 M16Y C16X - L3[W] S3 R3 - L2[W] Q1 - L1[I] Q1 - L0[O] Q1 
[  3] Utilization = 1.00 | pJ/MACC =   18.452 | L5[WIO] P13 M2 C4 - L4[I] M2 C3 Q13 M16Y C16X - L3[W] S3 R3 - L2[W] Q1 - L1[I] Q1 - L0[O] Q1 
[  1] Utilization = 1.00 | pJ/MACC =    6.937 | L5[WIO] C2 - L4[I] C3 M2 P13 Q13 M16Y C16X - L3[W] M2 C2 S3 R3 - L2[W] Q1 - L1[I] Q1 - L0[O] Q1 
[  3] Utilization = 1.00 | pJ/MACC =   17.367 | L5[WIO] M2 C4 P13 - L4[I] C3 M2 Q13 M16Y C16X - L3[W] S3 R3 - L2[W] Q1 - L1[I] Q1 - L0[O] Q1 
[  3] Utilization = 1.00 | pJ/MACC =   17.027 | L5[WIO] C4 P13 M2 - L4[I] C3 M2 Q13 M16Y C16X - L3[W] S3 R3 - L2[W] Q1 - L1[I] Q1 - L0[O] Q1 
[  3] Utilization = 1.00 | pJ/MACC =   14.311 | L5[WIO] C4 - L4[] M4 C3 P13 Q13 M16Y C16X - L3[W] S3 R3 - L2[W] Q1 - L1[I] Q1 - L0[O] Q1 
[  3] Utilization = 1.00 | pJ/MACC =    7.826 | L5[WIO] C4 - L4[I] M4 C3 P13 Q13 M16Y C16X - L3[W] S3 R3 - L2[W] Q1 - L1[I] Q1 - L0[O] Q1 
[  2] Utilization = 1.00 | pJ/MACC =    6.640 | L5[WIO] C4 - L4[I] M2 Q13 P13 M16Y C16X - L3[W] M2 C3 S3 R3 - L2[W] Q1 - L1[I] Q1 - L0[O] Q1 
[  6] Utilization = 1.00 | pJ/MACC =   14.311 | L5[WIO] C6 - L4[] M2 C2 P13 Q13 M16Y C16X - L3[W] M2 S3 R3 - L2[W] Q1 - L1[I] Q1 - L0[O] Q1 
[  6] Utilization = 1.00 | pJ/MACC =    7.826 | L5[WIO] C6 - L4[I] M2 C2 P13 Q13 M16Y C16X - L3[W] M2 S3 R3 - L2[W] Q1 - L1[I] Q1 - L0[O] Q1 
[  4] Utilization = 1.00 | pJ/MACC =   14.311 | L5[WIO] Q1 - L4[] M2 C3 Q13 P13 M16Y C16X - L3[W] C4 M2 S3 R3 - L2[W] Q1 - L1[I] Q1 - L0[O] Q1 
[  4] Utilization = 1.00 | pJ/MACC =    7.826 | L5[WIO] Q1 - L4[I] M2 C3 Q13 P13 M16Y C16X - L3[W] C4 M2 S3 R3 - L2[W] Q1 - L1[I] Q1 - L0[O] Q1 
[  4] Utilization = 1.00 | pJ/MACC =    6.492 | L5[WIO] Q1 - L4[I] C3 M2 Q13 P13 M16Y C16X - L3[W] M2 C4 S3 R3 - L2[W] Q1 - L1[I] Q1 - L0[O] Q1 
[  5] Utilization = 1.00 | pJ/MACC =    6.195 | L5[WIO] M4 - L4[I] Q13 P13 M16Y C16X - L3[W] C12 S3 R3 - L2[W] Q1 - L1[I] Q1 - L0[O] Q1 
[  6] Utilization = 1.00 | pJ/MACC =    6.640 | L5[WIO] M2 - L4[I] C4 Q13 P13 M16Y C16X - L3[W] M2 C3 S3 R3 - L2[W] Q1 - L1[I] Q1 - L0[O] Q1 
[  1] Utilization = 1.00 | pJ/MACC =    6.344 | L5[WIO] Q1 - L4[I] M2 C2 P13 Q13 M16Y C16X - L3[W] M2 C6 S3 R3 - L2[W] Q1 - L1[I] Q1 - L0[O] Q1 
[  0] STATEMENT: 3000 suboptimal mappings found since the last upgrade, terminating search.
[  2] STATEMENT: 3000 suboptimal mappings found since the last upgrade, terminating search.
[  4] STATEMENT: 3000 suboptimal mappings found since the last upgrade, terminating search.
[  3] STATEMENT: 3000 suboptimal mappings found since the last upgrade, terminating search.
[  5] STATEMENT: 3000 suboptimal mappings found since the last upgrade, terminating search.
[  6] STATEMENT: 3000 suboptimal mappings found since the last upgrade, terminating search.
[  7] STATEMENT: 3000 suboptimal mappings found since the last upgrade, terminating search.
[  1] STATEMENT: 3000 suboptimal mappings found since the last upgrade, terminating search.
