[  7] Utilization = 0.75 | pJ/MACC =   31.340 | L5[WIO] Q1 - L4[] Q1 M16Y C12X - L3[W] S5 R5 P27 - L2[W] Q27 - L1[I] Q1 - L0[O] Q1 
[  3] Utilization = 0.75 | pJ/MACC =   31.340 | L5[WIO] Q1 - L4[] Q1 M16Y C12X - L3[W] S5 R5 - L2[W] Q27 P27 - L1[I] Q1 - L0[O] Q1 
[  7] Utilization = 0.75 | pJ/MACC =   24.999 | L5[WIO] Q1 - L4[I] Q1 M16Y C12X - L3[W] S5 R5 P27 - L2[W] Q27 - L1[I] Q1 - L0[O] Q1 
[  3] Utilization = 0.75 | pJ/MACC =   24.999 | L5[WIO] Q1 - L4[I] Q1 M16Y C12X - L3[W] S5 R5 - L2[W] Q27 P27 - L1[I] Q1 - L0[O] Q1 
[  3] Utilization = 0.75 | pJ/MACC =   12.444 | L5[WIO] Q27 P27 - L4[] Q1 M16Y C12X - L3[W] S5 R5 - L2[W] Q1 - L1[I] Q1 - L0[O] Q1 
[  3] Utilization = 0.75 | pJ/MACC =    7.727 | L5[WIO] Q27 P27 - L4[I] Q1 M16Y C12X - L3[W] S5 R5 - L2[W] Q1 - L1[I] Q1 - L0[O] Q1 
[  7] Utilization = 0.75 | pJ/MACC =   12.444 | L5[WIO] P9 Q3 - L4[] P3 Q9 M16Y C12X - L3[W] S5 R5 - L2[W] Q1 - L1[I] Q1 - L0[O] Q1 
[  7] Utilization = 0.75 | pJ/MACC =    6.603 | L5[WIO] P9 Q3 - L4[I] P3 Q9 M16Y C12X - L3[W] S5 R5 - L2[W] Q1 - L1[I] Q1 - L0[O] Q1 
[  7] Utilization = 0.75 | pJ/MACC =    6.228 | L5[WIO] Q3 P9 - L4[I] Q9 P3 M16Y C12X - L3[W] S5 R5 - L2[W] Q1 - L1[I] Q1 - L0[O] Q1 
[  7] Utilization = 0.75 | pJ/MACC =    6.103 | L5[WIO] P9 - L4[I] Q27 P3 M16Y C12X - L3[W] S5 R5 - L2[W] Q1 - L1[I] Q1 - L0[O] Q1 
[  3] Utilization = 0.75 | pJ/MACC =    6.228 | L5[WIO] P3 Q9 - L4[I] P9 Q3 M16Y C12X - L3[W] S5 R5 - L2[W] Q1 - L1[I] Q1 - L0[O] Q1 
[  6] STATEMENT: 15000 invalid mappings (0 fanout, 15000 capacity) found since the last valid mapping, terminating search.
[  2] STATEMENT: 15000 invalid mappings (0 fanout, 15000 capacity) found since the last valid mapping, terminating search.
[  0] STATEMENT: 15000 invalid mappings (0 fanout, 15000 capacity) found since the last valid mapping, terminating search.
[  1] STATEMENT: 15000 invalid mappings (0 fanout, 15000 capacity) found since the last valid mapping, terminating search.
[  5] STATEMENT: 15000 invalid mappings (0 fanout, 15000 capacity) found since the last valid mapping, terminating search.
[  4] STATEMENT: 15000 invalid mappings (0 fanout, 15000 capacity) found since the last valid mapping, terminating search.
[  3] Utilization = 0.75 | pJ/MACC =    6.103 | L5[WIO] Q27 - L4[I] P27 M16Y C12X - L3[W] S5 R5 - L2[W] Q1 - L1[I] Q1 - L0[O] Q1 
[  7] STATEMENT: 3000 suboptimal mappings found since the last upgrade, terminating search.
[  3] STATEMENT: 3000 suboptimal mappings found since the last upgrade, terminating search.
