[  2] Utilization = 0.06 | pJ/MACC =  143.290 | L5[WIO] M2 - L4[] P13 C3 Q13 C16X - L3[W] M12 S3 R3 - L2[W] Q1 - L1[I] Q1 - L0[O] Q1 
[  2] Utilization = 0.06 | pJ/MACC =  135.759 | L5[WIO] M2 - L4[W] P13 C3 Q13 C16X - L3[W] M12 S3 R3 - L2[W] Q1 - L1[I] Q1 - L0[O] Q1 
[  2] Utilization = 0.06 | pJ/MACC =   34.999 | L5[WIO] M2 - L4[I] P13 C3 Q13 C16X - L3[W] M12 S3 R3 - L2[W] Q1 - L1[I] Q1 - L0[O] Q1 
[  3] Utilization = 0.06 | pJ/MACC =  134.089 | L5[WIO] M2 C3 - L4[] Q13 P13 C16X - L3[W] M12 S3 R3 - L2[W] Q1 - L1[I] Q1 - L0[O] Q1 
[  3] Utilization = 0.06 | pJ/MACC =   26.702 | L5[WIO] M2 C3 - L4[I] Q13 P13 C16X - L3[W] M12 S3 R3 - L2[W] Q1 - L1[I] Q1 - L0[O] Q1 
[  5] Utilization = 0.12 | pJ/MACC =   68.903 | L5[WIO] Q1 - L4[] M6 P13 Q13 M2Y C16X - L3[W] M2 C3 S3 R3 - L2[W] Q1 - L1[I] Q1 - L0[O] Q1 
[  5] Utilization = 0.12 | pJ/MACC =   15.210 | L5[WIO] Q1 - L4[I] M6 P13 Q13 M2Y C16X - L3[W] M2 C3 S3 R3 - L2[W] Q1 - L1[I] Q1 - L0[O] Q1 
[  6] Utilization = 0.12 | pJ/MACC =  198.908 | L5[WIO] Q1 - L4[] P13 C3 Q13 M6 M2Y C16X - L3[W] M2 S3 R3 - L2[W] Q1 - L1[I] Q1 - L0[O] Q1 
[  6] Utilization = 0.12 | pJ/MACC =  145.215 | L5[WIO] Q1 - L4[I] P13 C3 Q13 M6 M2Y C16X - L3[W] M2 S3 R3 - L2[W] Q1 - L1[I] Q1 - L0[O] Q1 
[  1] Utilization = 0.06 | pJ/MACC =  262.908 | L5[WIO] M3 Q13 - L4[] P13 M4 C16X - L3[W] C3 M2 S3 R3 - L2[W] Q1 - L1[I] Q1 - L0[O] Q1 
[  1] Utilization = 0.06 | pJ/MACC =  154.581 | L5[WIO] M3 Q13 - L4[W] P13 M4 C16X - L3[W] C3 M2 S3 R3 - L2[W] Q1 - L1[I] Q1 - L0[O] Q1 
[  7] Utilization = 0.12 | pJ/MACC =   79.290 | L5[WIO] C3 - L4[] P13 M6 Q13 M2Y C16X - L3[W] M2 S3 R3 - L2[W] Q1 - L1[I] Q1 - L0[O] Q1 
[  7] Utilization = 0.12 | pJ/MACC =   71.759 | L5[WIO] C3 - L4[W] P13 M6 Q13 M2Y C16X - L3[W] M2 S3 R3 - L2[W] Q1 - L1[I] Q1 - L0[O] Q1 
[  7] Utilization = 0.12 | pJ/MACC =   25.597 | L5[WIO] C3 - L4[I] P13 M6 Q13 M2Y C16X - L3[W] M2 S3 R3 - L2[W] Q1 - L1[I] Q1 - L0[O] Q1 
[  3] Utilization = 0.06 | pJ/MACC =   25.798 | L5[WIO] C3 M2 - L4[I] P13 Q13 C16X - L3[W] M12 S3 R3 - L2[W] Q1 - L1[I] Q1 - L0[O] Q1 
[  1] Utilization = 0.06 | pJ/MACC =  142.104 | L5[WIO] M3 Q13 - L4[] M4 P13 C16X - L3[W] M2 C3 S3 R3 - L2[W] Q1 - L1[I] Q1 - L0[O] Q1 
[  6] Utilization = 0.12 | pJ/MACC =   70.089 | L5[WIO] Q1 - L4[] M6 C3 Q13 P13 M2Y C16X - L3[W] M2 S3 R3 - L2[W] Q1 - L1[I] Q1 - L0[O] Q1 
[  1] Utilization = 0.06 | pJ/MACC =  134.573 | L5[WIO] M3 Q13 - L4[W] M4 P13 C16X - L3[W] M2 C3 S3 R3 - L2[W] Q1 - L1[I] Q1 - L0[O] Q1 
[  1] Utilization = 0.06 | pJ/MACC =   35.623 | L5[WIO] M3 Q13 - L4[I] M4 P13 C16X - L3[W] M2 C3 S3 R3 - L2[W] Q1 - L1[I] Q1 - L0[O] Q1 
[  6] Utilization = 0.12 | pJ/MACC =   16.396 | L5[WIO] Q1 - L4[I] M6 C3 Q13 P13 M2Y C16X - L3[W] M2 S3 R3 - L2[W] Q1 - L1[I] Q1 - L0[O] Q1 
[  2] Utilization = 0.06 | pJ/MACC =   25.798 | L5[WIO] M2 - L4[I] C3 P13 Q13 C16X - L3[W] M12 S3 R3 - L2[W] Q1 - L1[I] Q1 - L0[O] Q1 
[  1] Utilization = 0.06 | pJ/MACC =   33.813 | L5[WIO] Q13 M3 - L4[I] M4 P13 C16X - L3[W] M2 C3 S3 R3 - L2[W] Q1 - L1[I] Q1 - L0[O] Q1 
[  7] Utilization = 0.12 | pJ/MACC =   16.396 | L5[WIO] C3 - L4[I] M6 P13 Q13 M2Y C16X - L3[W] M2 S3 R3 - L2[W] Q1 - L1[I] Q1 - L0[O] Q1 
[  1] Utilization = 0.38 | pJ/MACC =   40.067 | L5[WIO] Q1 - L4[] M4 M6Y C16X - L3[W] C3 S3 R3 - L2[W] Q13 P13 - L1[I] Q1 - L0[O] Q1 
[  1] Utilization = 0.38 | pJ/MACC =   22.772 | L5[WIO] Q1 - L4[I] M4 M6Y C16X - L3[W] C3 S3 R3 - L2[W] Q13 P13 - L1[I] Q1 - L0[O] Q1 
[  2] Utilization = 0.38 | pJ/MACC =   40.067 | L5[WIO] Q1 - L4[] C3 M4 M6Y C16X - L3[W] S3 R3 - L2[W] P13 Q13 - L1[I] Q1 - L0[O] Q1 
[  2] Utilization = 0.38 | pJ/MACC =   22.772 | L5[WIO] Q1 - L4[I] C3 M4 M6Y C16X - L3[W] S3 R3 - L2[W] P13 Q13 - L1[I] Q1 - L0[O] Q1 
[  3] Utilization = 0.38 | pJ/MACC =   40.067 | L5[WIO] C3 - L4[] M4 M6Y C16X - L3[W] S3 R3 - L2[W] P13 Q13 - L1[I] Q1 - L0[O] Q1 
[  3] Utilization = 0.38 | pJ/MACC =   22.772 | L5[WIO] C3 - L4[I] M4 M6Y C16X - L3[W] S3 R3 - L2[W] P13 Q13 - L1[I] Q1 - L0[O] Q1 
[  7] Utilization = 0.25 | pJ/MACC =   47.290 | L5[WIO] Q13 C3 M2 - L4[] P13 M4Y C16X - L3[W] M3 S3 R3 - L2[W] Q1 - L1[I] Q1 - L0[O] Q1 
[  7] Utilization = 0.25 | pJ/MACC =   22.344 | L5[WIO] Q13 C3 M2 - L4[I] P13 M4Y C16X - L3[W] M3 S3 R3 - L2[W] Q1 - L1[I] Q1 - L0[O] Q1 
[  5] Utilization = 0.25 | pJ/MACC =   46.104 | L5[WIO] Q13 M2 - L4[] P13 M4Y C16X - L3[W] M3 C3 S3 R3 - L2[W] Q1 - L1[I] Q1 - L0[O] Q1 
[  5] Utilization = 0.25 | pJ/MACC =   19.710 | L5[WIO] Q13 M2 - L4[I] P13 M4Y C16X - L3[W] M3 C3 S3 R3 - L2[W] Q1 - L1[I] Q1 - L0[O] Q1 
[  7] Utilization = 0.25 | pJ/MACC =   12.600 | L5[WIO] M2 C3 Q13 - L4[I] P13 M4Y C16X - L3[W] M3 S3 R3 - L2[W] Q1 - L1[I] Q1 - L0[O] Q1 
[  6] Utilization = 0.25 | pJ/MACC =  166.908 | L5[WIO] Q13 M2 - L4[] P13 C3 M4Y C16X - L3[W] M3 S3 R3 - L2[W] Q1 - L1[I] Q1 - L0[O] Q1 
[  6] Utilization = 0.25 | pJ/MACC =  140.514 | L5[WIO] Q13 M2 - L4[I] P13 C3 M4Y C16X - L3[W] M3 S3 R3 - L2[W] Q1 - L1[I] Q1 - L0[O] Q1 
[  5] Utilization = 0.25 | pJ/MACC =   11.414 | L5[WIO] M2 Q13 - L4[I] P13 M4Y C16X - L3[W] M3 C3 S3 R3 - L2[W] Q1 - L1[I] Q1 - L0[O] Q1 
[  6] Utilization = 0.25 | pJ/MACC =   47.290 | L5[WIO] Q13 M2 - L4[] C3 P13 M4Y C16X - L3[W] M3 S3 R3 - L2[W] Q1 - L1[I] Q1 - L0[O] Q1 
[  6] Utilization = 0.25 | pJ/MACC =   20.896 | L5[WIO] Q13 M2 - L4[I] C3 P13 M4Y C16X - L3[W] M3 S3 R3 - L2[W] Q1 - L1[I] Q1 - L0[O] Q1 
[  5] Utilization = 0.75 | pJ/MACC =   28.966 | L5[WIO] Q13 - L4[] Q1 M12Y C16X - L3[W] M2 C3 S3 R3 P13 - L2[W] Q1 - L1[I] Q1 - L0[O] Q1 
[  5] Utilization = 0.75 | pJ/MACC =   21.238 | L5[WIO] Q13 - L4[I] Q1 M12Y C16X - L3[W] M2 C3 S3 R3 P13 - L2[W] Q1 - L1[I] Q1 - L0[O] Q1 
[  5] Utilization = 0.75 | pJ/MACC =   15.909 | L5[WIO] Q13 - L4[O] Q1 M12Y C16X - L3[W] M2 C3 S3 R3 P13 - L2[W] Q1 - L1[I] Q1 - L0[O] Q1 
[  6] Utilization = 0.75 | pJ/MACC =   38.167 | L5[WIO] Q13 - L4[] C3 M12Y C16X - L3[W] M2 S3 R3 P13 - L2[W] Q1 - L1[I] Q1 - L0[O] Q1 
[  6] Utilization = 0.75 | pJ/MACC =   30.636 | L5[WIO] Q13 - L4[W] C3 M12Y C16X - L3[W] M2 S3 R3 P13 - L2[W] Q1 - L1[I] Q1 - L0[O] Q1 
[  6] Utilization = 0.75 | pJ/MACC =   30.439 | L5[WIO] Q13 - L4[I] C3 M12Y C16X - L3[W] M2 S3 R3 P13 - L2[W] Q1 - L1[I] Q1 - L0[O] Q1 
[  6] Utilization = 0.75 | pJ/MACC =   25.110 | L5[WIO] Q13 - L4[O] C3 M12Y C16X - L3[W] M2 S3 R3 P13 - L2[W] Q1 - L1[I] Q1 - L0[O] Q1 
[  7] Utilization = 0.75 | pJ/MACC =   38.167 | L5[WIO] Q13 C3 - L4[] Q1 M12Y C16X - L3[W] M2 S3 R3 P13 - L2[W] Q1 - L1[I] Q1 - L0[O] Q1 
[  7] Utilization = 0.75 | pJ/MACC =   31.887 | L5[WIO] Q13 C3 - L4[I] Q1 M12Y C16X - L3[W] M2 S3 R3 P13 - L2[W] Q1 - L1[I] Q1 - L0[O] Q1 
[  7] Utilization = 0.75 | pJ/MACC =   25.110 | L5[WIO] Q13 C3 - L4[O] Q1 M12Y C16X - L3[W] M2 S3 R3 P13 - L2[W] Q1 - L1[I] Q1 - L0[O] Q1 
[  7] Utilization = 0.75 | pJ/MACC =   21.238 | L5[WIO] C3 Q13 - L4[I] Q1 M12Y C16X - L3[W] M2 S3 R3 P13 - L2[W] Q1 - L1[I] Q1 - L0[O] Q1 
[  7] Utilization = 0.75 | pJ/MACC =   17.181 | L5[WIO] C3 Q13 - L4[O] Q1 M12Y C16X - L3[W] M2 S3 R3 P13 - L2[W] Q1 - L1[I] Q1 - L0[O] Q1 
[  1] Utilization = 0.75 | pJ/MACC =   29.400 | L5[WIO] Q1 - L4[] M2 M12Y C16X - L3[W] C3 S3 R3 - L2[W] P13 Q13 - L1[I] Q1 - L0[O] Q1 
[  1] Utilization = 0.75 | pJ/MACC =   21.205 | L5[WIO] Q1 - L4[I] M2 M12Y C16X - L3[W] C3 S3 R3 - L2[W] P13 Q13 - L1[I] Q1 - L0[O] Q1 
[  1] Utilization = 0.75 | pJ/MACC =   16.343 | L5[WIO] Q1 - L4[O] M2 M12Y C16X - L3[W] C3 S3 R3 - L2[W] P13 Q13 - L1[I] Q1 - L0[O] Q1 
[  2] Utilization = 0.75 | pJ/MACC =   29.400 | L5[WIO] Q1 - L4[] C3 M2 M12Y C16X - L3[W] S3 R3 - L2[W] Q13 P13 - L1[I] Q1 - L0[O] Q1 
[  2] Utilization = 0.75 | pJ/MACC =   21.205 | L5[WIO] Q1 - L4[I] C3 M2 M12Y C16X - L3[W] S3 R3 - L2[W] Q13 P13 - L1[I] Q1 - L0[O] Q1 
[  2] Utilization = 0.75 | pJ/MACC =   16.343 | L5[WIO] Q1 - L4[O] C3 M2 M12Y C16X - L3[W] S3 R3 - L2[W] Q13 P13 - L1[I] Q1 - L0[O] Q1 
[  3] Utilization = 0.75 | pJ/MACC =   29.400 | L5[WIO] C3 - L4[] M2 M12Y C16X - L3[W] S3 R3 - L2[W] Q13 P13 - L1[I] Q1 - L0[O] Q1 
[  3] Utilization = 0.75 | pJ/MACC =   21.205 | L5[WIO] C3 - L4[I] M2 M12Y C16X - L3[W] S3 R3 - L2[W] Q13 P13 - L1[I] Q1 - L0[O] Q1 
[  3] Utilization = 0.75 | pJ/MACC =   16.343 | L5[WIO] C3 - L4[O] M2 M12Y C16X - L3[W] S3 R3 - L2[W] Q13 P13 - L1[I] Q1 - L0[O] Q1 
[  4] STATEMENT: 15000 invalid mappings (1424 fanout, 13576 capacity) found since the last valid mapping, terminating search.
[  0] STATEMENT: 15000 invalid mappings (1280 fanout, 13720 capacity) found since the last valid mapping, terminating search.
[  1] Utilization = 0.75 | pJ/MACC =   15.909 | L5[WIO] M2 Q13 - L4[O] Q1 M12Y C16X - L3[W] C3 S3 R3 P13 - L2[W] Q1 - L1[I] Q1 - L0[O] Q1 
[  7] Utilization = 0.75 | pJ/MACC =   15.909 | L5[WIO] C3 - L4[O] Q13 M12Y C16X - L3[W] M2 S3 R3 P13 - L2[W] Q1 - L1[I] Q1 - L0[O] Q1 
[  6] Utilization = 0.75 | pJ/MACC =   21.238 | L5[WIO] Q1 - L4[I] C3 Q13 M12Y C16X - L3[W] M2 S3 R3 P13 - L2[W] Q1 - L1[I] Q1 - L0[O] Q1 
[  6] Utilization = 0.75 | pJ/MACC =   15.909 | L5[WIO] Q1 - L4[O] C3 Q13 M12Y C16X - L3[W] M2 S3 R3 P13 - L2[W] Q1 - L1[I] Q1 - L0[O] Q1 
[  5] Utilization = 0.75 | pJ/MACC =   10.009 | L5[WIO] Q13 P13 - L4[I] Q1 M12Y C16X - L3[W] C3 M2 S3 R3 - L2[W] Q1 - L1[I] Q1 - L0[O] Q1 
[  7] Utilization = 0.75 | pJ/MACC =   10.009 | L5[WIO] C3 P13 Q13 - L4[I] Q1 M12Y C16X - L3[W] M2 S3 R3 - L2[W] Q1 - L1[I] Q1 - L0[O] Q1 
[  5] Utilization = 0.75 | pJ/MACC =    8.823 | L5[WIO] P13 Q13 - L4[I] Q1 M12Y C16X - L3[W] M2 C3 S3 R3 - L2[W] Q1 - L1[I] Q1 - L0[O] Q1 
[  1] Utilization = 0.75 | pJ/MACC =   15.570 | L5[WIO] M2 Q13 - L4[] P13 M12Y C16X - L3[W] C3 S3 R3 - L2[W] Q1 - L1[I] Q1 - L0[O] Q1 
[  1] Utilization = 0.75 | pJ/MACC =    8.280 | L5[WIO] M2 Q13 - L4[I] P13 M12Y C16X - L3[W] C3 S3 R3 - L2[W] Q1 - L1[I] Q1 - L0[O] Q1 
[  2] STATEMENT: 3000 suboptimal mappings found since the last upgrade, terminating search.
[  3] STATEMENT: 3000 suboptimal mappings found since the last upgrade, terminating search.
[  6] STATEMENT: 3000 suboptimal mappings found since the last upgrade, terminating search.
[  5] STATEMENT: 3000 suboptimal mappings found since the last upgrade, terminating search.
[  7] STATEMENT: 3000 suboptimal mappings found since the last upgrade, terminating search.
[  1] STATEMENT: 3000 suboptimal mappings found since the last upgrade, terminating search.
