[  3] Utilization = 0.75 | pJ/MACC =   28.807 | L5[WIO] Q1 - L4[] Q1 M12Y C16X - L3[W] S3 R3 - L2[W] Q13 P13 - L1[I] Q1 - L0[O] Q1 
[  3] Utilization = 0.75 | pJ/MACC =   21.517 | L5[WIO] Q1 - L4[I] Q1 M12Y C16X - L3[W] S3 R3 - L2[W] Q13 P13 - L1[I] Q1 - L0[O] Q1 
[  3] Utilization = 0.75 | pJ/MACC =   16.935 | L5[WIO] Q1 - L4[O] Q1 M12Y C16X - L3[W] S3 R3 - L2[W] Q13 P13 - L1[I] Q1 - L0[O] Q1 
[  7] Utilization = 0.75 | pJ/MACC =   28.807 | L5[WIO] Q1 - L4[] Q1 M12Y C16X - L3[W] S3 R3 P13 - L2[W] Q13 - L1[I] Q1 - L0[O] Q1 
[  7] Utilization = 0.75 | pJ/MACC =   21.517 | L5[WIO] Q1 - L4[I] Q1 M12Y C16X - L3[W] S3 R3 P13 - L2[W] Q13 - L1[I] Q1 - L0[O] Q1 
[  7] Utilization = 0.75 | pJ/MACC =   16.935 | L5[WIO] Q1 - L4[O] Q1 M12Y C16X - L3[W] S3 R3 P13 - L2[W] Q13 - L1[I] Q1 - L0[O] Q1 
[  7] Utilization = 0.75 | pJ/MACC =   16.501 | L5[WIO] Q13 - L4[O] Q1 M12Y C16X - L3[W] S3 R3 P13 - L2[W] Q1 - L1[I] Q1 - L0[O] Q1 
[  3] Utilization = 0.75 | pJ/MACC =   16.501 | L5[WIO] Q13 - L4[O] Q1 M12Y C16X - L3[W] S3 R3 - L2[W] P13 - L1[I] Q1 - L0[O] Q1 
[  7] Utilization = 0.75 | pJ/MACC =   16.162 | L5[WIO] P13 - L4[] Q13 M12Y C16X - L3[W] S3 R3 - L2[W] Q1 - L1[I] Q1 - L0[O] Q1 
[  7] Utilization = 0.75 | pJ/MACC =    8.872 | L5[WIO] P13 - L4[I] Q13 M12Y C16X - L3[W] S3 R3 - L2[W] Q1 - L1[I] Q1 - L0[O] Q1 
[  3] Utilization = 0.75 | pJ/MACC =   16.162 | L5[WIO] Q1 - L4[] Q13 P13 M12Y C16X - L3[W] S3 R3 - L2[W] Q1 - L1[I] Q1 - L0[O] Q1 
[  3] Utilization = 0.75 | pJ/MACC =    8.872 | L5[WIO] Q1 - L4[I] Q13 P13 M12Y C16X - L3[W] S3 R3 - L2[W] Q1 - L1[I] Q1 - L0[O] Q1 
[  7] STATEMENT: 3000 suboptimal mappings found since the last upgrade, terminating search.
[  3] STATEMENT: 3000 suboptimal mappings found since the last upgrade, terminating search.
[  6] STATEMENT: 15000 invalid mappings (0 fanout, 15000 capacity) found since the last valid mapping, terminating search.
[  1] STATEMENT: 15000 invalid mappings (0 fanout, 15000 capacity) found since the last valid mapping, terminating search.
[  4] STATEMENT: 15000 invalid mappings (0 fanout, 15000 capacity) found since the last valid mapping, terminating search.
[  0] STATEMENT: 15000 invalid mappings (0 fanout, 15000 capacity) found since the last valid mapping, terminating search.
[  2] STATEMENT: 15000 invalid mappings (0 fanout, 15000 capacity) found since the last valid mapping, terminating search.
[  5] STATEMENT: 15000 invalid mappings (0 fanout, 15000 capacity) found since the last valid mapping, terminating search.
