[  5] Utilization = 0.06 | pJ/MACC =  266.580 | L5[WIO] P3 - L4[] C12 M16Y - L3[W] C2 M2 S5 R5 P9 - L2[W] Q27 - L1[I] Q1 - L0[O] Q1 
[  5] Utilization = 0.06 | pJ/MACC =  259.998 | L5[WIO] P3 - L4[I] C12 M16Y - L3[W] C2 M2 S5 R5 P9 - L2[W] Q27 - L1[I] Q1 - L0[O] Q1 
[  6] Utilization = 0.12 | pJ/MACC =  138.580 | L5[WIO] P3 - L4[] C12 M16Y C2X - L3[W] M2 S5 R5 P9 - L2[W] Q27 - L1[I] Q1 - L0[O] Q1 
[  6] Utilization = 0.12 | pJ/MACC =  138.332 | L5[WIO] P3 - L4[W] C12 M16Y C2X - L3[W] M2 S5 R5 P9 - L2[W] Q27 - L1[I] Q1 - L0[O] Q1 
[  6] Utilization = 0.12 | pJ/MACC =  131.998 | L5[WIO] P3 - L4[I] C12 M16Y C2X - L3[W] M2 S5 R5 P9 - L2[W] Q27 - L1[I] Q1 - L0[O] Q1 
[  6] Utilization = 0.12 | pJ/MACC =  131.750 | L5[WIO] P3 - L4[WI] C12 M16Y C2X - L3[W] M2 S5 R5 P9 - L2[W] Q27 - L1[I] Q1 - L0[O] Q1 
[  3] Utilization = 0.75 | pJ/MACC =   31.571 | L5[WIO] P9 - L4[] Q1 M16Y C12X - L3[W] C2 M2 S5 R5 P3 - L2[W] Q27 - L1[I] Q1 - L0[O] Q1 
[  3] Utilization = 0.75 | pJ/MACC =   24.988 | L5[WIO] P9 - L4[I] Q1 M16Y C12X - L3[W] C2 M2 S5 R5 P3 - L2[W] Q27 - L1[I] Q1 - L0[O] Q1 
[  0] Utilization = 0.06 | pJ/MACC =  266.633 | L5[WIO] C4 M2 - L4[] P3 C2 Q9 M16Y - L3[W] C3 S5 R5 P3 - L2[W] P3 Q3 - L1[I] Q1 - L0[O] Q1 
[  0] Utilization = 0.06 | pJ/MACC =  260.050 | L5[WIO] C4 M2 - L4[I] P3 C2 Q9 M16Y - L3[W] C3 S5 R5 P3 - L2[W] P3 Q3 - L1[I] Q1 - L0[O] Q1 
[  1] Utilization = 0.25 | pJ/MACC =   74.580 | L5[WIO] P3 - L4[] C2 M16Y C4X - L3[W] C3 M2 S5 R5 P9 - L2[W] Q27 - L1[I] Q1 - L0[O] Q1 
[  1] Utilization = 0.25 | pJ/MACC =   74.332 | L5[WIO] P3 - L4[W] C2 M16Y C4X - L3[W] C3 M2 S5 R5 P9 - L2[W] Q27 - L1[I] Q1 - L0[O] Q1 
[  1] Utilization = 0.25 | pJ/MACC =   67.998 | L5[WIO] P3 - L4[I] C2 M16Y C4X - L3[W] C3 M2 S5 R5 P9 - L2[W] Q27 - L1[I] Q1 - L0[O] Q1 
[  1] Utilization = 0.25 | pJ/MACC =   67.750 | L5[WIO] P3 - L4[WI] C2 M16Y C4X - L3[W] C3 M2 S5 R5 P9 - L2[W] Q27 - L1[I] Q1 - L0[O] Q1 
[  2] Utilization = 0.75 | pJ/MACC =   36.232 | L5[WIO] Q9 P3 - L4[] M2 M16Y C12X - L3[W] C2 S5 R5 Q3 P9 - L2[W] Q1 - L1[I] Q1 - L0[O] Q1 
[  2] Utilization = 0.75 | pJ/MACC =   32.389 | L5[WIO] Q9 P3 - L4[W] M2 M16Y C12X - L3[W] C2 S5 R5 Q3 P9 - L2[W] Q1 - L1[I] Q1 - L0[O] Q1 
[  2] Utilization = 0.75 | pJ/MACC =   29.899 | L5[WIO] Q9 P3 - L4[I] M2 M16Y C12X - L3[W] C2 S5 R5 Q3 P9 - L2[W] Q1 - L1[I] Q1 - L0[O] Q1 
[  7] Utilization = 0.12 | pJ/MACC =  138.633 | L5[WIO] M2 - L4[] Q3 C6 P9 M16Y C2X - L3[W] C2 S5 R5 P3 - L2[W] Q9 - L1[I] Q1 - L0[O] Q1 
[  7] Utilization = 0.12 | pJ/MACC =  138.385 | L5[WIO] M2 - L4[W] Q3 C6 P9 M16Y C2X - L3[W] C2 S5 R5 P3 - L2[W] Q9 - L1[I] Q1 - L0[O] Q1 
[  7] Utilization = 0.12 | pJ/MACC =  132.050 | L5[WIO] M2 - L4[I] Q3 C6 P9 M16Y C2X - L3[W] C2 S5 R5 P3 - L2[W] Q9 - L1[I] Q1 - L0[O] Q1 
[  7] Utilization = 0.12 | pJ/MACC =  131.802 | L5[WIO] M2 - L4[WI] Q3 C6 P9 M16Y C2X - L3[W] C2 S5 R5 P3 - L2[W] Q9 - L1[I] Q1 - L0[O] Q1 
[  6] Utilization = 0.19 | pJ/MACC =   96.993 | L5[WIO] Q9 C8 - L4[] Q1 M16Y C3X - L3[W] M2 S5 R5 Q3 P27 - L2[W] Q1 - L1[I] Q1 - L0[O] Q1 
[  6] Utilization = 0.19 | pJ/MACC =   90.660 | L5[WIO] Q9 C8 - L4[I] Q1 M16Y C3X - L3[W] M2 S5 R5 Q3 P27 - L2[W] Q1 - L1[I] Q1 - L0[O] Q1 
[  4] Utilization = 0.12 | pJ/MACC =  138.277 | L5[WIO] C4 M2 - L4[] C3 P3 Q9 M16Y C2X - L3[W] S5 R5 P3 - L2[W] P3 Q3 - L1[I] Q1 - L0[O] Q1 
[  4] Utilization = 0.12 | pJ/MACC =  131.695 | L5[WIO] C4 M2 - L4[I] C3 P3 Q9 M16Y C2X - L3[W] S5 R5 P3 - L2[W] P3 Q3 - L1[I] Q1 - L0[O] Q1 
[  2] Utilization = 0.75 | pJ/MACC =   29.712 | L5[WIO] P3 Q9 - L4[I] M2 M16Y C12X - L3[W] C2 S5 R5 Q3 P9 - L2[W] Q1 - L1[I] Q1 - L0[O] Q1 
[  6] Utilization = 0.19 | pJ/MACC =   88.989 | L5[WIO] C8 Q9 - L4[I] Q1 M16Y C3X - L3[W] M2 S5 R5 Q3 P27 - L2[W] Q1 - L1[I] Q1 - L0[O] Q1 
[  5] Utilization = 0.06 | pJ/MACC =  259.695 | L5[WIO] C4 M2 - L4[I] C6 Q9 P3 M16Y - L3[W] S5 R5 P3 - L2[W] P3 Q3 - L1[I] Q1 - L0[O] Q1 
[  0] Utilization = 0.06 | pJ/MACC =  259.695 | L5[WIO] C4 M2 - L4[I] C2 Q9 P3 M16Y - L3[W] C3 S5 R5 P3 - L2[W] P3 Q3 - L1[I] Q1 - L0[O] Q1 
[  6] Utilization = 0.50 | pJ/MACC =   47.017 | L5[WIO] P27 - L4[] C3 Q3 M16Y C8X - L3[W] M2 S5 R5 - L2[W] Q9 - L1[I] Q1 - L0[O] Q1 
[  6] Utilization = 0.50 | pJ/MACC =   43.174 | L5[WIO] P27 - L4[W] C3 Q3 M16Y C8X - L3[W] M2 S5 R5 - L2[W] Q9 - L1[I] Q1 - L0[O] Q1 
[  6] Utilization = 0.50 | pJ/MACC =   40.434 | L5[WIO] P27 - L4[I] C3 Q3 M16Y C8X - L3[W] M2 S5 R5 - L2[W] Q9 - L1[I] Q1 - L0[O] Q1 
[  6] Utilization = 0.50 | pJ/MACC =   36.591 | L5[WIO] P27 - L4[WI] C3 Q3 M16Y C8X - L3[W] M2 S5 R5 - L2[W] Q9 - L1[I] Q1 - L0[O] Q1 
[  5] Utilization = 0.25 | pJ/MACC =   75.660 | L5[WIO] C3 P9 M2 - L4[] C2 M16Y C4X - L3[W] S5 R5 P3 - L2[W] Q27 - L1[I] Q1 - L0[O] Q1 
[  5] Utilization = 0.25 | pJ/MACC =   69.077 | L5[WIO] C3 P9 M2 - L4[I] C2 M16Y C4X - L3[W] S5 R5 P3 - L2[W] Q27 - L1[I] Q1 - L0[O] Q1 
[  6] Utilization = 0.50 | pJ/MACC =   36.167 | L5[WIO] Q1 - L4[I] C3 Q9 P27 M16Y C8X - L3[W] M2 S5 R5 - L2[W] Q3 - L1[I] Q1 - L0[O] Q1 
[  0] Utilization = 0.12 | pJ/MACC =  151.904 | L5[WIO] Q27 P3 - L4[] C4 M2 M16Y C2X - L3[W] C3 S5 R5 - L2[W] P9 - L1[I] Q1 - L0[O] Q1 
[  0] Utilization = 0.12 | pJ/MACC =  139.973 | L5[WIO] Q27 P3 - L4[W] C4 M2 M16Y C2X - L3[W] C3 S5 R5 - L2[W] P9 - L1[I] Q1 - L0[O] Q1 
[  0] Utilization = 0.12 | pJ/MACC =  134.808 | L5[WIO] Q27 P3 - L4[WI] C4 M2 M16Y C2X - L3[W] C3 S5 R5 - L2[W] P9 - L1[I] Q1 - L0[O] Q1 
[  0] Utilization = 0.12 | pJ/MACC =  134.059 | L5[WIO] P3 Q27 - L4[WI] C4 M2 M16Y C2X - L3[W] C3 S5 R5 - L2[W] P9 - L1[I] Q1 - L0[O] Q1 
[  5] Utilization = 0.25 | pJ/MACC =   68.172 | L5[WIO] M2 C3 P9 - L4[WI] C2 M16Y C4X - L3[W] S5 R5 P3 - L2[W] Q27 - L1[I] Q1 - L0[O] Q1 
[  2] Utilization = 0.75 | pJ/MACC =   26.922 | L5[WIO] Q3 - L4[I] Q3 M2 P27 M16Y C12X - L3[W] C2 S5 R5 Q3 - L2[W] Q1 - L1[I] Q1 - L0[O] Q1 
[  2] Utilization = 0.75 | pJ/MACC =   25.776 | L5[WIO] Q3 - L4[WI] Q3 M2 P27 M16Y C12X - L3[W] C2 S5 R5 Q3 - L2[W] Q1 - L1[I] Q1 - L0[O] Q1 
[  2] Utilization = 0.75 | pJ/MACC =   25.608 | L5[WIO] Q3 - L4[WI] M2 Q3 P27 M16Y C12X - L3[W] C2 S5 R5 Q3 - L2[W] Q1 - L1[I] Q1 - L0[O] Q1 
[  0] Utilization = 0.25 | pJ/MACC =   86.835 | L5[WIO] C3 Q27 P3 - L4[] M2 P3 M16Y C4X - L3[W] C2 S5 R5 - L2[W] P3 - L1[I] Q1 - L0[O] Q1 
[  0] Utilization = 0.25 | pJ/MACC =   74.903 | L5[WIO] C3 Q27 P3 - L4[W] M2 P3 M16Y C4X - L3[W] C2 S5 R5 - L2[W] P3 - L1[I] Q1 - L0[O] Q1 
[  0] Utilization = 0.25 | pJ/MACC =   70.952 | L5[WIO] C3 Q27 P3 - L4[WI] M2 P3 M16Y C4X - L3[W] C2 S5 R5 - L2[W] P3 - L1[I] Q1 - L0[O] Q1 
[  7] Utilization = 0.38 | pJ/MACC =   54.327 | L5[WIO] Q3 C4 - L4[] Q3 M2 M16Y C6X - L3[W] S5 R5 P9 - L2[W] Q3 P3 - L1[I] Q1 - L0[O] Q1 
[  7] Utilization = 0.38 | pJ/MACC =   53.583 | L5[WIO] Q3 C4 - L4[W] Q3 M2 M16Y C6X - L3[W] S5 R5 P9 - L2[W] Q3 P3 - L1[I] Q1 - L0[O] Q1 
[  7] Utilization = 0.38 | pJ/MACC =   47.806 | L5[WIO] Q3 C4 - L4[I] Q3 M2 M16Y C6X - L3[W] S5 R5 P9 - L2[W] Q3 P3 - L1[I] Q1 - L0[O] Q1 
[  7] Utilization = 0.38 | pJ/MACC =   47.062 | L5[WIO] Q3 C4 - L4[WI] Q3 M2 M16Y C6X - L3[W] S5 R5 P9 - L2[W] Q3 P3 - L1[I] Q1 - L0[O] Q1 
[  0] Utilization = 0.25 | pJ/MACC =   70.606 | L5[WIO] P3 C3 Q27 - L4[WI] M2 P3 M16Y C4X - L3[W] C2 S5 R5 - L2[W] P3 - L1[I] Q1 - L0[O] Q1 
[  7] Utilization = 0.38 | pJ/MACC =   46.740 | L5[WIO] Q3 C4 - L4[I] M2 Q3 M16Y C6X - L3[W] S5 R5 P9 - L2[W] Q3 P3 - L1[I] Q1 - L0[O] Q1 
[  7] Utilization = 0.38 | pJ/MACC =   46.597 | L5[WIO] C4 Q3 - L4[WI] Q3 M2 M16Y C6X - L3[W] S5 R5 P9 - L2[W] Q3 P3 - L1[I] Q1 - L0[O] Q1 
[  7] Utilization = 0.38 | pJ/MACC =   46.429 | L5[WIO] C4 Q3 - L4[WI] M2 Q3 M16Y C6X - L3[W] S5 R5 P9 - L2[W] Q3 P3 - L1[I] Q1 - L0[O] Q1 
[  3] Utilization = 0.75 | pJ/MACC =   12.231 | L5[WIO] P3 Q3 - L4[] P9 Q9 M16Y C12X - L3[W] M2 C2 S5 R5 - L2[W] Q1 - L1[I] Q1 - L0[O] Q1 
[  3] Utilization = 0.75 | pJ/MACC =    5.711 | L5[WIO] P3 Q3 - L4[I] P9 Q9 M16Y C12X - L3[W] M2 C2 S5 R5 - L2[W] Q1 - L1[I] Q1 - L0[O] Q1 
[  0] Utilization = 0.25 | pJ/MACC =   70.203 | L5[WIO] C3 P3 Q27 - L4[WI] M2 P3 M16Y C4X - L3[W] C2 S5 R5 - L2[W] P3 - L1[I] Q1 - L0[O] Q1 
[  0] Utilization = 0.25 | pJ/MACC =   68.841 | L5[WIO] Q3 M2 - L4[WI] Q9 C6 M16Y C4X - L3[W] S5 R5 - L2[W] P27 - L1[I] Q1 - L0[O] Q1 
[  0] Utilization = 0.25 | pJ/MACC =   68.680 | L5[WIO] M2 Q3 - L4[WI] Q9 C6 M16Y C4X - L3[W] S5 R5 - L2[W] P27 - L1[I] Q1 - L0[O] Q1 
[  0] Utilization = 0.25 | pJ/MACC =   68.015 | L5[WIO] Q3 M2 - L4[I] C6 Q9 M16Y C4X - L3[W] S5 R5 - L2[W] P27 - L1[I] Q1 - L0[O] Q1 
[  0] Utilization = 0.25 | pJ/MACC =   67.750 | L5[WIO] Q3 - L4[WI] C3 M16Y C4X - L3[W] C2 M2 S5 R5 P27 - L2[W] Q9 - L1[I] Q1 - L0[O] Q1 
[  5] Utilization = 0.75 | pJ/MACC =   31.554 | L5[WIO] C2 - L4[] M2 M16Y C12X - L3[W] S5 R5 Q9 P9 - L2[W] Q3 P3 - L1[I] Q1 - L0[O] Q1 
[  5] Utilization = 0.75 | pJ/MACC =   24.971 | L5[WIO] C2 - L4[I] M2 M16Y C12X - L3[W] S5 R5 Q9 P9 - L2[W] Q3 P3 - L1[I] Q1 - L0[O] Q1 
[  1] Utilization = 0.50 | pJ/MACC =   42.238 | L5[WIO] Q3 P3 - L4[] Q1 M16Y C8X - L3[W] C3 M2 S5 R5 Q3 - L2[W] P9 Q3 - L1[I] Q1 - L0[O] Q1 
[  1] Utilization = 0.50 | pJ/MACC =   35.718 | L5[WIO] Q3 P3 - L4[I] Q1 M16Y C8X - L3[W] C3 M2 S5 R5 Q3 - L2[W] P9 Q3 - L1[I] Q1 - L0[O] Q1 
[  4] Utilization = 0.75 | pJ/MACC =   31.914 | L5[WIO] Q3 - L4[] C2 M16Y C12X - L3[W] M2 S5 R5 Q9 - L2[W] P27 - L1[I] Q1 - L0[O] Q1 
[  4] Utilization = 0.75 | pJ/MACC =   31.666 | L5[WIO] Q3 - L4[W] C2 M16Y C12X - L3[W] M2 S5 R5 Q9 - L2[W] P27 - L1[I] Q1 - L0[O] Q1 
[  4] Utilization = 0.75 | pJ/MACC =   25.331 | L5[WIO] Q3 - L4[I] C2 M16Y C12X - L3[W] M2 S5 R5 Q9 - L2[W] P27 - L1[I] Q1 - L0[O] Q1 
[  4] Utilization = 0.75 | pJ/MACC =   25.083 | L5[WIO] Q3 - L4[WI] C2 M16Y C12X - L3[W] M2 S5 R5 Q9 - L2[W] P27 - L1[I] Q1 - L0[O] Q1 
[  0] Utilization = 0.38 | pJ/MACC =   53.300 | L5[WIO] P3 C4 - L4[] P9 M16Y C6X - L3[W] M2 S5 R5 Q27 - L2[W] Q1 - L1[I] Q1 - L0[O] Q1 
[  0] Utilization = 0.38 | pJ/MACC =   46.779 | L5[WIO] P3 C4 - L4[I] P9 M16Y C6X - L3[W] M2 S5 R5 Q27 - L2[W] Q1 - L1[I] Q1 - L0[O] Q1 
[  0] Utilization = 0.38 | pJ/MACC =   46.361 | L5[WIO] C4 P3 - L4[I] P9 M16Y C6X - L3[W] M2 S5 R5 Q27 - L2[W] Q1 - L1[I] Q1 - L0[O] Q1 
[  2] Utilization = 0.75 | pJ/MACC =   25.028 | L5[WIO] Q1 - L4[I] M2 P27 M16Y C12X - L3[W] C2 S5 R5 Q9 - L2[W] Q3 - L1[I] Q1 - L0[O] Q1 
[  6] Utilization = 0.50 | pJ/MACC =   35.655 | L5[WIO] C3 - L4[I] M2 Q9 M16Y C8X - L3[W] S5 R5 Q3 - L2[W] P27 - L1[I] Q1 - L0[O] Q1 
[  7] Utilization = 0.50 | pJ/MACC =   42.633 | L5[WIO] P3 M2 - L4[] Q3 P3 M16Y C8X - L3[W] C3 S5 R5 Q9 P3 - L2[W] Q1 - L1[I] Q1 - L0[O] Q1 
[  7] Utilization = 0.50 | pJ/MACC =   36.050 | L5[WIO] P3 M2 - L4[I] Q3 P3 M16Y C8X - L3[W] C3 S5 R5 Q9 P3 - L2[W] Q1 - L1[I] Q1 - L0[O] Q1 
[  7] Utilization = 0.50 | pJ/MACC =   35.936 | L5[WIO] M2 P3 - L4[I] Q3 P3 M16Y C8X - L3[W] C3 S5 R5 Q9 P3 - L2[W] Q1 - L1[I] Q1 - L0[O] Q1 
[  0] Utilization = 0.38 | pJ/MACC =   46.309 | L5[WIO] C4 - L4[I] Q3 M16Y C6X - L3[W] M2 S5 R5 P3 - L2[W] P9 Q9 - L1[I] Q1 - L0[O] Q1 
[  1] Utilization = 0.75 | pJ/MACC =   31.611 | L5[WIO] M2 P3 - L4[] P3 Q3 M16Y C12X - L3[W] C2 S5 R5 Q9 P3 - L2[W] Q1 - L1[I] Q1 - L0[O] Q1 
[  1] Utilization = 0.75 | pJ/MACC =   25.270 | L5[WIO] M2 P3 - L4[I] P3 Q3 M16Y C12X - L3[W] C2 S5 R5 Q9 P3 - L2[W] Q1 - L1[I] Q1 - L0[O] Q1 
[  4] Utilization = 0.75 | pJ/MACC =   25.028 | L5[WIO] Q1 - L4[I] C2 Q27 M16Y C12X - L3[W] M2 S5 R5 P9 - L2[W] P3 - L1[I] Q1 - L0[O] Q1 
[  6] Utilization = 0.75 | pJ/MACC =   32.084 | L5[WIO] Q3 C2 - L4[] Q9 P3 M16Y C12X - L3[W] M2 S5 R5 P3 - L2[W] P3 - L1[I] Q1 - L0[O] Q1 
[  6] Utilization = 0.75 | pJ/MACC =   25.564 | L5[WIO] Q3 C2 - L4[I] Q9 P3 M16Y C12X - L3[W] M2 S5 R5 P3 - L2[W] P3 - L1[I] Q1 - L0[O] Q1 
[  6] Utilization = 0.75 | pJ/MACC =   25.146 | L5[WIO] C2 Q3 - L4[I] P3 Q9 M16Y C12X - L3[W] M2 S5 R5 P3 - L2[W] P3 - L1[I] Q1 - L0[O] Q1 
[  0] Utilization = 0.50 | pJ/MACC =   46.899 | L5[WIO] Q9 P3 - L4[] M2 M16Y C8X - L3[W] C3 S5 R5 Q3 - L2[W] P9 - L1[I] Q1 - L0[O] Q1 
[  0] Utilization = 0.50 | pJ/MACC =   43.056 | L5[WIO] Q9 P3 - L4[W] M2 M16Y C8X - L3[W] C3 S5 R5 Q3 - L2[W] P9 - L1[I] Q1 - L0[O] Q1 
[  0] Utilization = 0.50 | pJ/MACC =   40.566 | L5[WIO] Q9 P3 - L4[I] M2 M16Y C8X - L3[W] C3 S5 R5 Q3 - L2[W] P9 - L1[I] Q1 - L0[O] Q1 
[  0] Utilization = 0.50 | pJ/MACC =   36.723 | L5[WIO] Q9 P3 - L4[WI] M2 M16Y C8X - L3[W] C3 S5 R5 Q3 - L2[W] P9 - L1[I] Q1 - L0[O] Q1 
[  0] Utilization = 0.50 | pJ/MACC =   36.536 | L5[WIO] P3 Q9 - L4[WI] M2 M16Y C8X - L3[W] C3 S5 R5 Q3 - L2[W] P9 - L1[I] Q1 - L0[O] Q1 
[  4] Utilization = 0.75 | pJ/MACC =   24.993 | L5[WIO] Q1 - L4[I] C2 Q27 M16Y C12X - L3[W] M2 S5 R5 P27 - L2[W] Q1 - L1[I] Q1 - L0[O] Q1 
[  6] Utilization = 0.75 | pJ/MACC =   24.971 | L5[WIO] C2 - L4[I] Q1 M16Y C12X - L3[W] M2 S5 R5 P9 - L2[W] Q27 P3 - L1[I] Q1 - L0[O] Q1 
[  0] Utilization = 0.50 | pJ/MACC =   35.970 | L5[WIO] Q1 - L4[WI] Q9 M2 P3 M16Y C8X - L3[W] C3 S5 R5 Q3 P3 - L2[W] P3 - L1[I] Q1 - L0[O] Q1 
[  0] Utilization = 0.50 | pJ/MACC =   35.802 | L5[WIO] Q1 - L4[WI] P3 M2 Q9 M16Y C8X - L3[W] C3 S5 R5 Q3 P3 - L2[W] P3 - L1[I] Q1 - L0[O] Q1 
[  0] Utilization = 0.50 | pJ/MACC =   35.695 | L5[WIO] Q1 - L4[I] M2 Q9 P3 M16Y C8X - L3[W] C3 S5 R5 Q3 P3 - L2[W] P3 - L1[I] Q1 - L0[O] Q1 
[  2] Utilization = 0.75 | pJ/MACC =   24.988 | L5[WIO] Q1 - L4[I] M2 P3 Q3 M16Y C12X - L3[W] C2 S5 R5 Q3 - L2[W] P9 Q3 - L1[I] Q1 - L0[O] Q1 
[  7] Utilization = 0.50 | pJ/MACC =   35.875 | L5[WIO] C3 Q3 P9 - L4[I] P3 M16Y C8X - L3[W] M2 S5 R5 Q9 - L2[W] Q1 - L1[I] Q1 - L0[O] Q1 
[  7] Utilization = 0.50 | pJ/MACC =   35.757 | L5[WIO] C3 P3 Q3 - L4[I] Q3 M16Y C8X - L3[W] M2 S5 R5 - L2[W] P9 Q3 - L1[I] Q1 - L0[O] Q1 
[  7] Utilization = 0.50 | pJ/MACC =   35.695 | L5[WIO] M2 - L4[I] P27 M16Y C8X - L3[W] C3 S5 R5 - L2[W] Q27 - L1[I] Q1 - L0[O] Q1 
[  0] Utilization = 0.50 | pJ/MACC =   35.655 | L5[WIO] Q1 - L4[I] M2 P3 Q3 M16Y C8X - L3[W] C3 S5 R5 P9 - L2[W] Q9 - L1[I] Q1 - L0[O] Q1 
[  7] Utilization = 0.50 | pJ/MACC =   35.655 | L5[WIO] C3 - L4[I] Q3 P3 M16Y C8X - L3[W] M2 S5 R5 - L2[W] P9 Q9 - L1[I] Q1 - L0[O] Q1 
[  1] Utilization = 0.75 | pJ/MACC =   25.028 | L5[WIO] M2 - L4[I] P27 M16Y C12X - L3[W] C2 S5 R5 - L2[W] Q27 - L1[I] Q1 - L0[O] Q1 
[  5] STATEMENT: 3000 suboptimal mappings found since the last upgrade, terminating search.
[  4] Utilization = 0.75 | pJ/MACC =   17.280 | L5[WIO] M2 Q27 C2 P27 - L4[] Q1 M16Y C12X - L3[W] S5 R5 - L2[W] Q1 - L1[I] Q1 - L0[O] Q1 
[  4] Utilization = 0.75 | pJ/MACC =   12.562 | L5[WIO] M2 Q27 C2 P27 - L4[I] Q1 M16Y C12X - L3[W] S5 R5 - L2[W] Q1 - L1[I] Q1 - L0[O] Q1 
[  6] STATEMENT: 3000 suboptimal mappings found since the last upgrade, terminating search.
[  2] STATEMENT: 3000 suboptimal mappings found since the last upgrade, terminating search.
[  3] STATEMENT: 3000 suboptimal mappings found since the last upgrade, terminating search.
[  0] STATEMENT: 3000 suboptimal mappings found since the last upgrade, terminating search.
[  7] Utilization = 0.50 | pJ/MACC =   16.853 | L5[WIO] Q3 P9 M2 - L4[] P3 Q9 M16Y C8X - L3[W] C3 S5 R5 - L2[W] Q1 - L1[I] Q1 - L0[O] Q1 
[  7] Utilization = 0.50 | pJ/MACC =   10.332 | L5[WIO] Q3 P9 M2 - L4[I] P3 Q9 M16Y C8X - L3[W] C3 S5 R5 - L2[W] Q1 - L1[I] Q1 - L0[O] Q1 
[  7] Utilization = 0.50 | pJ/MACC =    6.015 | L5[WIO] M2 Q3 P9 - L4[I] P3 Q9 M16Y C8X - L3[W] C3 S5 R5 - L2[W] Q1 - L1[I] Q1 - L0[O] Q1 
[  4] Utilization = 0.75 | pJ/MACC =    6.797 | L5[WIO] Q3 M2 C2 - L4[I] P27 Q9 M16Y C12X - L3[W] S5 R5 - L2[W] Q1 - L1[I] Q1 - L0[O] Q1 
[  4] Utilization = 0.75 | pJ/MACC =    6.496 | L5[WIO] Q3 M2 C2 - L4[IO] P27 Q9 M16Y C12X - L3[W] S5 R5 - L2[W] Q1 - L1[I] Q1 - L0[O] Q1 
[  4] Utilization = 0.75 | pJ/MACC =    6.317 | L5[WIO] C2 M2 Q3 - L4[I] Q9 P27 M16Y C12X - L3[W] S5 R5 - L2[W] Q1 - L1[I] Q1 - L0[O] Q1 
[  1] STATEMENT: 3000 suboptimal mappings found since the last upgrade, terminating search.
[  4] Utilization = 0.75 | pJ/MACC =    6.112 | L5[WIO] Q3 P3 - L4[WIO] C2 Q9 P9 M16Y C12X - L3[W] M2 S5 R5 - L2[W] Q1 - L1[I] Q1 - L0[O] Q1 
[  7] STATEMENT: 3000 suboptimal mappings found since the last upgrade, terminating search.
[  4] STATEMENT: 3000 suboptimal mappings found since the last upgrade, terminating search.
