[  2] Utilization = 0.06 | pJ/MACC =  143.142 | L5[WIO] M2 - L4[] P13 C2 Q13 C16X - L3[W] M12 S3 R3 - L2[W] Q1 - L1[I] Q1 - L0[O] Q1 
[  2] Utilization = 0.06 | pJ/MACC =  135.611 | L5[WIO] M2 - L4[W] P13 C2 Q13 C16X - L3[W] M12 S3 R3 - L2[W] Q1 - L1[I] Q1 - L0[O] Q1 
[  2] Utilization = 0.06 | pJ/MACC =   34.851 | L5[WIO] M2 - L4[I] P13 C2 Q13 C16X - L3[W] M12 S3 R3 - L2[W] Q1 - L1[I] Q1 - L0[O] Q1 
[  3] Utilization = 0.06 | pJ/MACC =  133.941 | L5[WIO] M2 C2 - L4[] Q13 P13 C16X - L3[W] M12 S3 R3 - L2[W] Q1 - L1[I] Q1 - L0[O] Q1 
[  3] Utilization = 0.06 | pJ/MACC =   26.554 | L5[WIO] M2 C2 - L4[I] Q13 P13 C16X - L3[W] M12 S3 R3 - L2[W] Q1 - L1[I] Q1 - L0[O] Q1 
[  5] Utilization = 0.12 | pJ/MACC =   69.051 | L5[WIO] Q1 - L4[] M6 P13 Q13 M2Y C16X - L3[W] M2 C2 S3 R3 - L2[W] Q1 - L1[I] Q1 - L0[O] Q1 
[  5] Utilization = 0.12 | pJ/MACC =   15.358 | L5[WIO] Q1 - L4[I] M6 P13 Q13 M2Y C16X - L3[W] M2 C2 S3 R3 - L2[W] Q1 - L1[I] Q1 - L0[O] Q1 
[  7] Utilization = 0.12 | pJ/MACC =   79.142 | L5[WIO] C2 - L4[] P13 M6 Q13 M2Y C16X - L3[W] M2 S3 R3 - L2[W] Q1 - L1[I] Q1 - L0[O] Q1 
[  7] Utilization = 0.12 | pJ/MACC =   71.611 | L5[WIO] C2 - L4[W] P13 M6 Q13 M2Y C16X - L3[W] M2 S3 R3 - L2[W] Q1 - L1[I] Q1 - L0[O] Q1 
[  7] Utilization = 0.12 | pJ/MACC =   25.449 | L5[WIO] C2 - L4[I] P13 M6 Q13 M2Y C16X - L3[W] M2 S3 R3 - L2[W] Q1 - L1[I] Q1 - L0[O] Q1 
[  1] Utilization = 0.06 | pJ/MACC =  262.760 | L5[WIO] M3 Q13 - L4[] P13 M4 C16X - L3[W] C2 M2 S3 R3 - L2[W] Q1 - L1[I] Q1 - L0[O] Q1 
[  1] Utilization = 0.06 | pJ/MACC =  154.432 | L5[WIO] M3 Q13 - L4[W] P13 M4 C16X - L3[W] C2 M2 S3 R3 - L2[W] Q1 - L1[I] Q1 - L0[O] Q1 
[  6] Utilization = 0.12 | pJ/MACC =  198.760 | L5[WIO] Q1 - L4[] P13 C2 Q13 M6 M2Y C16X - L3[W] M2 S3 R3 - L2[W] Q1 - L1[I] Q1 - L0[O] Q1 
[  6] Utilization = 0.12 | pJ/MACC =  145.067 | L5[WIO] Q1 - L4[I] P13 C2 Q13 M6 M2Y C16X - L3[W] M2 S3 R3 - L2[W] Q1 - L1[I] Q1 - L0[O] Q1 
[  3] Utilization = 0.06 | pJ/MACC =   25.649 | L5[WIO] C2 M2 - L4[I] P13 Q13 C16X - L3[W] M12 S3 R3 - L2[W] Q1 - L1[I] Q1 - L0[O] Q1 
[  1] Utilization = 0.06 | pJ/MACC =  142.253 | L5[WIO] M3 Q13 - L4[] M4 P13 C16X - L3[W] M2 C2 S3 R3 - L2[W] Q1 - L1[I] Q1 - L0[O] Q1 
[  1] Utilization = 0.06 | pJ/MACC =  134.722 | L5[WIO] M3 Q13 - L4[W] M4 P13 C16X - L3[W] M2 C2 S3 R3 - L2[W] Q1 - L1[I] Q1 - L0[O] Q1 
[  1] Utilization = 0.06 | pJ/MACC =   35.771 | L5[WIO] M3 Q13 - L4[I] M4 P13 C16X - L3[W] M2 C2 S3 R3 - L2[W] Q1 - L1[I] Q1 - L0[O] Q1 
[  6] Utilization = 0.12 | pJ/MACC =   69.941 | L5[WIO] Q1 - L4[] M6 C2 Q13 P13 M2Y C16X - L3[W] M2 S3 R3 - L2[W] Q1 - L1[I] Q1 - L0[O] Q1 
[  6] Utilization = 0.12 | pJ/MACC =   16.247 | L5[WIO] Q1 - L4[I] M6 C2 Q13 P13 M2Y C16X - L3[W] M2 S3 R3 - L2[W] Q1 - L1[I] Q1 - L0[O] Q1 
[  1] Utilization = 0.06 | pJ/MACC =   33.961 | L5[WIO] Q13 M3 - L4[I] M4 P13 C16X - L3[W] M2 C2 S3 R3 - L2[W] Q1 - L1[I] Q1 - L0[O] Q1 
[  2] Utilization = 0.06 | pJ/MACC =   25.649 | L5[WIO] M2 - L4[I] C2 P13 Q13 C16X - L3[W] M12 S3 R3 - L2[W] Q1 - L1[I] Q1 - L0[O] Q1 
[  7] Utilization = 0.12 | pJ/MACC =   16.247 | L5[WIO] C2 - L4[I] M6 P13 Q13 M2Y C16X - L3[W] M2 S3 R3 - L2[W] Q1 - L1[I] Q1 - L0[O] Q1 
[  1] Utilization = 0.38 | pJ/MACC =   39.919 | L5[WIO] Q1 - L4[] M4 M6Y C16X - L3[W] C2 S3 R3 - L2[W] Q13 P13 - L1[I] Q1 - L0[O] Q1 
[  1] Utilization = 0.38 | pJ/MACC =   22.624 | L5[WIO] Q1 - L4[I] M4 M6Y C16X - L3[W] C2 S3 R3 - L2[W] Q13 P13 - L1[I] Q1 - L0[O] Q1 
[  3] Utilization = 0.38 | pJ/MACC =   39.919 | L5[WIO] C2 - L4[] M4 M6Y C16X - L3[W] S3 R3 - L2[W] P13 Q13 - L1[I] Q1 - L0[O] Q1 
[  3] Utilization = 0.38 | pJ/MACC =   22.624 | L5[WIO] C2 - L4[I] M4 M6Y C16X - L3[W] S3 R3 - L2[W] P13 Q13 - L1[I] Q1 - L0[O] Q1 
[  2] Utilization = 0.38 | pJ/MACC =   39.919 | L5[WIO] Q1 - L4[] C2 M4 M6Y C16X - L3[W] S3 R3 - L2[W] P13 Q13 - L1[I] Q1 - L0[O] Q1 
[  2] Utilization = 0.38 | pJ/MACC =   22.624 | L5[WIO] Q1 - L4[I] C2 M4 M6Y C16X - L3[W] S3 R3 - L2[W] P13 Q13 - L1[I] Q1 - L0[O] Q1 
[  7] Utilization = 0.25 | pJ/MACC =   47.142 | L5[WIO] Q13 C2 M2 - L4[] P13 M4Y C16X - L3[W] M3 S3 R3 - L2[W] Q1 - L1[I] Q1 - L0[O] Q1 
[  7] Utilization = 0.25 | pJ/MACC =   22.196 | L5[WIO] Q13 C2 M2 - L4[I] P13 M4Y C16X - L3[W] M3 S3 R3 - L2[W] Q1 - L1[I] Q1 - L0[O] Q1 
[  7] Utilization = 0.25 | pJ/MACC =   12.451 | L5[WIO] M2 C2 Q13 - L4[I] P13 M4Y C16X - L3[W] M3 S3 R3 - L2[W] Q1 - L1[I] Q1 - L0[O] Q1 
[  5] Utilization = 0.25 | pJ/MACC =   46.253 | L5[WIO] Q13 M2 - L4[] P13 M4Y C16X - L3[W] M3 C2 S3 R3 - L2[W] Q1 - L1[I] Q1 - L0[O] Q1 
[  5] Utilization = 0.25 | pJ/MACC =   19.858 | L5[WIO] Q13 M2 - L4[I] P13 M4Y C16X - L3[W] M3 C2 S3 R3 - L2[W] Q1 - L1[I] Q1 - L0[O] Q1 
[  6] Utilization = 0.25 | pJ/MACC =  166.760 | L5[WIO] Q13 M2 - L4[] P13 C2 M4Y C16X - L3[W] M3 S3 R3 - L2[W] Q1 - L1[I] Q1 - L0[O] Q1 
[  6] Utilization = 0.25 | pJ/MACC =  140.366 | L5[WIO] Q13 M2 - L4[I] P13 C2 M4Y C16X - L3[W] M3 S3 R3 - L2[W] Q1 - L1[I] Q1 - L0[O] Q1 
[  5] Utilization = 0.25 | pJ/MACC =   11.562 | L5[WIO] M2 Q13 - L4[I] P13 M4Y C16X - L3[W] M3 C2 S3 R3 - L2[W] Q1 - L1[I] Q1 - L0[O] Q1 
[  6] Utilization = 0.25 | pJ/MACC =   47.142 | L5[WIO] Q13 M2 - L4[] C2 P13 M4Y C16X - L3[W] M3 S3 R3 - L2[W] Q1 - L1[I] Q1 - L0[O] Q1 
[  6] Utilization = 0.25 | pJ/MACC =   20.748 | L5[WIO] Q13 M2 - L4[I] C2 P13 M4Y C16X - L3[W] M3 S3 R3 - L2[W] Q1 - L1[I] Q1 - L0[O] Q1 
[  5] Utilization = 0.75 | pJ/MACC =   28.818 | L5[WIO] Q13 - L4[] Q1 M12Y C16X - L3[W] M2 C2 S3 R3 P13 - L2[W] Q1 - L1[I] Q1 - L0[O] Q1 
[  5] Utilization = 0.75 | pJ/MACC =   21.090 | L5[WIO] Q13 - L4[I] Q1 M12Y C16X - L3[W] M2 C2 S3 R3 P13 - L2[W] Q1 - L1[I] Q1 - L0[O] Q1 
[  5] Utilization = 0.75 | pJ/MACC =   16.057 | L5[WIO] Q13 - L4[O] Q1 M12Y C16X - L3[W] M2 C2 S3 R3 P13 - L2[W] Q1 - L1[I] Q1 - L0[O] Q1 
[  7] Utilization = 0.75 | pJ/MACC =   38.019 | L5[WIO] Q13 C2 - L4[] Q1 M12Y C16X - L3[W] M2 S3 R3 P13 - L2[W] Q1 - L1[I] Q1 - L0[O] Q1 
[  7] Utilization = 0.75 | pJ/MACC =   31.739 | L5[WIO] Q13 C2 - L4[I] Q1 M12Y C16X - L3[W] M2 S3 R3 P13 - L2[W] Q1 - L1[I] Q1 - L0[O] Q1 
[  7] Utilization = 0.75 | pJ/MACC =   25.258 | L5[WIO] Q13 C2 - L4[O] Q1 M12Y C16X - L3[W] M2 S3 R3 P13 - L2[W] Q1 - L1[I] Q1 - L0[O] Q1 
[  7] Utilization = 0.75 | pJ/MACC =   21.090 | L5[WIO] C2 Q13 - L4[I] Q1 M12Y C16X - L3[W] M2 S3 R3 P13 - L2[W] Q1 - L1[I] Q1 - L0[O] Q1 
[  7] Utilization = 0.75 | pJ/MACC =   17.011 | L5[WIO] C2 Q13 - L4[O] Q1 M12Y C16X - L3[W] M2 S3 R3 P13 - L2[W] Q1 - L1[I] Q1 - L0[O] Q1 
[  6] Utilization = 0.75 | pJ/MACC =   38.019 | L5[WIO] Q13 - L4[] C2 M12Y C16X - L3[W] M2 S3 R3 P13 - L2[W] Q1 - L1[I] Q1 - L0[O] Q1 
[  6] Utilization = 0.75 | pJ/MACC =   30.488 | L5[WIO] Q13 - L4[W] C2 M12Y C16X - L3[W] M2 S3 R3 P13 - L2[W] Q1 - L1[I] Q1 - L0[O] Q1 
[  6] Utilization = 0.75 | pJ/MACC =   30.291 | L5[WIO] Q13 - L4[I] C2 M12Y C16X - L3[W] M2 S3 R3 P13 - L2[W] Q1 - L1[I] Q1 - L0[O] Q1 
[  6] Utilization = 0.75 | pJ/MACC =   25.258 | L5[WIO] Q13 - L4[O] C2 M12Y C16X - L3[W] M2 S3 R3 P13 - L2[W] Q1 - L1[I] Q1 - L0[O] Q1 
[  1] Utilization = 0.75 | pJ/MACC =   29.252 | L5[WIO] Q1 - L4[] M2 M12Y C16X - L3[W] C2 S3 R3 - L2[W] P13 Q13 - L1[I] Q1 - L0[O] Q1 
[  1] Utilization = 0.75 | pJ/MACC =   21.057 | L5[WIO] Q1 - L4[I] M2 M12Y C16X - L3[W] C2 S3 R3 - L2[W] P13 Q13 - L1[I] Q1 - L0[O] Q1 
[  1] Utilization = 0.75 | pJ/MACC =   16.491 | L5[WIO] Q1 - L4[O] M2 M12Y C16X - L3[W] C2 S3 R3 - L2[W] P13 Q13 - L1[I] Q1 - L0[O] Q1 
[  2] Utilization = 0.75 | pJ/MACC =   29.252 | L5[WIO] Q1 - L4[] C2 M2 M12Y C16X - L3[W] S3 R3 - L2[W] Q13 P13 - L1[I] Q1 - L0[O] Q1 
[  2] Utilization = 0.75 | pJ/MACC =   21.057 | L5[WIO] Q1 - L4[I] C2 M2 M12Y C16X - L3[W] S3 R3 - L2[W] Q13 P13 - L1[I] Q1 - L0[O] Q1 
[  2] Utilization = 0.75 | pJ/MACC =   16.491 | L5[WIO] Q1 - L4[O] C2 M2 M12Y C16X - L3[W] S3 R3 - L2[W] Q13 P13 - L1[I] Q1 - L0[O] Q1 
[  3] Utilization = 0.75 | pJ/MACC =   29.252 | L5[WIO] C2 - L4[] M2 M12Y C16X - L3[W] S3 R3 - L2[W] Q13 P13 - L1[I] Q1 - L0[O] Q1 
[  3] Utilization = 0.75 | pJ/MACC =   21.057 | L5[WIO] C2 - L4[I] M2 M12Y C16X - L3[W] S3 R3 - L2[W] Q13 P13 - L1[I] Q1 - L0[O] Q1 
[  3] Utilization = 0.75 | pJ/MACC =   16.491 | L5[WIO] C2 - L4[O] M2 M12Y C16X - L3[W] S3 R3 - L2[W] Q13 P13 - L1[I] Q1 - L0[O] Q1 
[  4] STATEMENT: 15000 invalid mappings (1424 fanout, 13576 capacity) found since the last valid mapping, terminating search.
[  0] STATEMENT: 15000 invalid mappings (1280 fanout, 13720 capacity) found since the last valid mapping, terminating search.
[  1] Utilization = 0.75 | pJ/MACC =   16.057 | L5[WIO] M2 Q13 - L4[O] Q1 M12Y C16X - L3[W] C2 S3 R3 P13 - L2[W] Q1 - L1[I] Q1 - L0[O] Q1 
[  7] Utilization = 0.75 | pJ/MACC =   16.057 | L5[WIO] C2 - L4[O] Q13 M12Y C16X - L3[W] M2 S3 R3 P13 - L2[W] Q1 - L1[I] Q1 - L0[O] Q1 
[  6] Utilization = 0.75 | pJ/MACC =   21.090 | L5[WIO] Q1 - L4[I] C2 Q13 M12Y C16X - L3[W] M2 S3 R3 P13 - L2[W] Q1 - L1[I] Q1 - L0[O] Q1 
[  6] Utilization = 0.75 | pJ/MACC =   16.057 | L5[WIO] Q1 - L4[O] C2 Q13 M12Y C16X - L3[W] M2 S3 R3 P13 - L2[W] Q1 - L1[I] Q1 - L0[O] Q1 
[  5] Utilization = 0.75 | pJ/MACC =    9.860 | L5[WIO] P13 Q13 - L4[I] Q1 M12Y C16X - L3[W] C2 M2 S3 R3 - L2[W] Q1 - L1[I] Q1 - L0[O] Q1 
[  5] Utilization = 0.75 | pJ/MACC =    8.971 | L5[WIO] Q13 P13 - L4[I] Q1 M12Y C16X - L3[W] M2 C2 S3 R3 - L2[W] Q1 - L1[I] Q1 - L0[O] Q1 
[  7] Utilization = 0.75 | pJ/MACC =    9.860 | L5[WIO] C2 P13 Q13 - L4[I] Q1 M12Y C16X - L3[W] M2 S3 R3 - L2[W] Q1 - L1[I] Q1 - L0[O] Q1 
[  1] Utilization = 0.75 | pJ/MACC =   15.718 | L5[WIO] M2 Q13 - L4[] P13 M12Y C16X - L3[W] C2 S3 R3 - L2[W] Q1 - L1[I] Q1 - L0[O] Q1 
[  1] Utilization = 0.75 | pJ/MACC =    8.428 | L5[WIO] M2 Q13 - L4[I] P13 M12Y C16X - L3[W] C2 S3 R3 - L2[W] Q1 - L1[I] Q1 - L0[O] Q1 
[  2] STATEMENT: 3000 suboptimal mappings found since the last upgrade, terminating search.
[  3] STATEMENT: 3000 suboptimal mappings found since the last upgrade, terminating search.
[  6] STATEMENT: 3000 suboptimal mappings found since the last upgrade, terminating search.
[  5] STATEMENT: 3000 suboptimal mappings found since the last upgrade, terminating search.
[  7] STATEMENT: 3000 suboptimal mappings found since the last upgrade, terminating search.
[  1] STATEMENT: 3000 suboptimal mappings found since the last upgrade, terminating search.
