[  6] Utilization = 1.00 | pJ/MACC =   22.327 | L5[WIO] M6 - L4[] P13 C4 Q13 M16Y C16X - L3[W] C3 S3 R3 - L2[W] Q1 - L1[I] Q1 - L0[O] Q1 
[  6] Utilization = 1.00 | pJ/MACC =   15.728 | L5[WIO] M6 - L4[I] P13 C4 Q13 M16Y C16X - L3[W] C3 S3 R3 - L2[W] Q1 - L1[I] Q1 - L0[O] Q1 
[  4] Utilization = 1.00 | pJ/MACC =   22.179 | L5[WIO] M6 - L4[] P13 C3 Q13 M16Y C16X - L3[W] C4 S3 R3 - L2[W] Q1 - L1[I] Q1 - L0[O] Q1 
[  4] Utilization = 1.00 | pJ/MACC =   15.580 | L5[WIO] M6 - L4[I] P13 C3 Q13 M16Y C16X - L3[W] C4 S3 R3 - L2[W] Q1 - L1[I] Q1 - L0[O] Q1 
[  2] Utilization = 1.00 | pJ/MACC =   14.311 | L5[WIO] C2 - L4[] M3 C6 Q13 P13 M16Y C16X - L3[W] M2 S3 R3 - L2[W] Q1 - L1[I] Q1 - L0[O] Q1 
[  2] Utilization = 1.00 | pJ/MACC =    7.713 | L5[WIO] C2 - L4[I] M3 C6 Q13 P13 M16Y C16X - L3[W] M2 S3 R3 - L2[W] Q1 - L1[I] Q1 - L0[O] Q1 
[  3] Utilization = 1.00 | pJ/MACC =   27.069 | L5[WIO] M3 C4 - L4[] C3 M2 P13 M16Y C16X - L3[W] S3 R3 Q13 - L2[W] Q1 - L1[I] Q1 - L0[O] Q1 
[  3] Utilization = 1.00 | pJ/MACC =   20.923 | L5[WIO] M3 C4 - L4[I] C3 M2 P13 M16Y C16X - L3[W] S3 R3 Q13 - L2[W] Q1 - L1[I] Q1 - L0[O] Q1 
[  5] Utilization = 1.00 | pJ/MACC =   22.179 | L5[WIO] C3 - L4[] Q13 M3 P13 M16Y C16X - L3[W] M2 C4 S3 R3 - L2[W] Q1 - L1[I] Q1 - L0[O] Q1 
[  5] Utilization = 1.00 | pJ/MACC =   15.580 | L5[WIO] C3 - L4[I] Q13 M3 P13 M16Y C16X - L3[W] M2 C4 S3 R3 - L2[W] Q1 - L1[I] Q1 - L0[O] Q1 
[  0] Utilization = 1.00 | pJ/MACC =   27.069 | L5[WIO] M3 C3 - L4[] C4 M2 P13 M16Y C16X - L3[W] S3 R3 Q13 - L2[W] Q1 - L1[I] Q1 - L0[O] Q1 
[  0] Utilization = 1.00 | pJ/MACC =   20.923 | L5[WIO] M3 C3 - L4[I] C4 M2 P13 M16Y C16X - L3[W] S3 R3 Q13 - L2[W] Q1 - L1[I] Q1 - L0[O] Q1 
[  6] Utilization = 1.00 | pJ/MACC =   13.126 | L5[WIO] M6 - L4[] C4 Q13 P13 M16Y C16X - L3[W] C3 S3 R3 - L2[W] Q1 - L1[I] Q1 - L0[O] Q1 
[  6] Utilization = 1.00 | pJ/MACC =    6.527 | L5[WIO] M6 - L4[I] C4 Q13 P13 M16Y C16X - L3[W] C3 S3 R3 - L2[W] Q1 - L1[I] Q1 - L0[O] Q1 
[  4] Utilization = 1.00 | pJ/MACC =   12.977 | L5[WIO] M6 - L4[] C3 Q13 P13 M16Y C16X - L3[W] C4 S3 R3 - L2[W] Q1 - L1[I] Q1 - L0[O] Q1 
[  4] Utilization = 1.00 | pJ/MACC =    6.379 | L5[WIO] M6 - L4[I] C3 Q13 P13 M16Y C16X - L3[W] C4 S3 R3 - L2[W] Q1 - L1[I] Q1 - L0[O] Q1 
[  7] Utilization = 1.00 | pJ/MACC =   22.623 | L5[WIO] C3 - L4[] P13 C2 M3 Q13 M16Y C16X - L3[W] M2 C2 S3 R3 - L2[W] Q1 - L1[I] Q1 - L0[O] Q1 
[  7] Utilization = 1.00 | pJ/MACC =   16.025 | L5[WIO] C3 - L4[I] P13 C2 M3 Q13 M16Y C16X - L3[W] M2 C2 S3 R3 - L2[W] Q1 - L1[I] Q1 - L0[O] Q1 
[  1] Utilization = 1.00 | pJ/MACC =   22.623 | L5[WIO] C2 - L4[] P13 C3 M3 Q13 M16Y C16X - L3[W] M2 C2 S3 R3 - L2[W] Q1 - L1[I] Q1 - L0[O] Q1 
[  1] Utilization = 1.00 | pJ/MACC =   16.025 | L5[WIO] C2 - L4[I] P13 C3 M3 Q13 M16Y C16X - L3[W] M2 C2 S3 R3 - L2[W] Q1 - L1[I] Q1 - L0[O] Q1 
[  5] Utilization = 1.00 | pJ/MACC =   12.977 | L5[WIO] C3 - L4[] M3 Q13 P13 M16Y C16X - L3[W] M2 C4 S3 R3 - L2[W] Q1 - L1[I] Q1 - L0[O] Q1 
[  5] Utilization = 1.00 | pJ/MACC =    6.379 | L5[WIO] C3 - L4[I] M3 Q13 P13 M16Y C16X - L3[W] M2 C4 S3 R3 - L2[W] Q1 - L1[I] Q1 - L0[O] Q1 
[  3] Utilization = 1.00 | pJ/MACC =   20.471 | L5[WIO] C4 M3 - L4[I] C3 M2 P13 M16Y C16X - L3[W] S3 R3 Q13 - L2[W] Q1 - L1[I] Q1 - L0[O] Q1 
[  0] Utilization = 1.00 | pJ/MACC =   20.471 | L5[WIO] C3 M3 - L4[I] C4 M2 P13 M16Y C16X - L3[W] S3 R3 Q13 - L2[W] Q1 - L1[I] Q1 - L0[O] Q1 
[  7] Utilization = 1.00 | pJ/MACC =   14.311 | L5[WIO] C3 - L4[] M3 C2 P13 Q13 M16Y C16X - L3[W] C2 M2 S3 R3 - L2[W] Q1 - L1[I] Q1 - L0[O] Q1 
[  7] Utilization = 1.00 | pJ/MACC =    7.713 | L5[WIO] C3 - L4[I] M3 C2 P13 Q13 M16Y C16X - L3[W] C2 M2 S3 R3 - L2[W] Q1 - L1[I] Q1 - L0[O] Q1 
[  1] Utilization = 1.00 | pJ/MACC =   14.311 | L5[WIO] C2 - L4[] M3 C3 P13 Q13 M16Y C16X - L3[W] C2 M2 S3 R3 - L2[W] Q1 - L1[I] Q1 - L0[O] Q1 
[  1] Utilization = 1.00 | pJ/MACC =    7.713 | L5[WIO] C2 - L4[I] M3 C3 P13 Q13 M16Y C16X - L3[W] C2 M2 S3 R3 - L2[W] Q1 - L1[I] Q1 - L0[O] Q1 
[  3] Utilization = 1.00 | pJ/MACC =   20.410 | L5[WIO] C4 - L4[I] C3 M3 Q13 M16Y C16X - L3[W] M2 S3 R3 - L2[W] P13 - L1[I] Q1 - L0[O] Q1 
[  7] Utilization = 1.00 | pJ/MACC =    6.823 | L5[WIO] C3 - L4[I] C2 M3 P13 Q13 M16Y C16X - L3[W] M2 C2 S3 R3 - L2[W] Q1 - L1[I] Q1 - L0[O] Q1 
[  1] Utilization = 1.00 | pJ/MACC =    6.823 | L5[WIO] C2 - L4[I] C3 M3 P13 Q13 M16Y C16X - L3[W] M2 C2 S3 R3 - L2[W] Q1 - L1[I] Q1 - L0[O] Q1 
[  3] Utilization = 1.00 | pJ/MACC =   16.914 | L5[WIO] C4 - L4[I] M3 P13 C3 Q13 M16Y C16X - L3[W] M2 S3 R3 - L2[W] Q1 - L1[I] Q1 - L0[O] Q1 
[  1] Utilization = 1.00 | pJ/MACC =    6.231 | L5[WIO] M6 - L4[I] C2 P13 Q13 M16Y C16X - L3[W] C6 S3 R3 - L2[W] Q1 - L1[I] Q1 - L0[O] Q1 
[  0] Utilization = 1.00 | pJ/MACC =   20.410 | L5[WIO] C3 - L4[I] C4 M3 Q13 M16Y C16X - L3[W] M2 S3 R3 - L2[W] P13 - L1[I] Q1 - L0[O] Q1 
[  3] Utilization = 1.00 | pJ/MACC =   14.311 | L5[WIO] C4 M2 - L4[] C3 P13 Q13 M16Y C16X - L3[W] M3 S3 R3 - L2[W] Q1 - L1[I] Q1 - L0[O] Q1 
[  3] Utilization = 1.00 | pJ/MACC =    7.713 | L5[WIO] C4 M2 - L4[I] C3 P13 Q13 M16Y C16X - L3[W] M3 S3 R3 - L2[W] Q1 - L1[I] Q1 - L0[O] Q1 
[  0] Utilization = 1.00 | pJ/MACC =   16.914 | L5[WIO] C3 - L4[I] Q13 M3 C4 P13 M16Y C16X - L3[W] M2 S3 R3 - L2[W] Q1 - L1[I] Q1 - L0[O] Q1 
[  0] Utilization = 1.00 | pJ/MACC =   14.311 | L5[WIO] C3 - L4[] M3 C4 P13 Q13 M16Y C16X - L3[W] M2 S3 R3 - L2[W] Q1 - L1[I] Q1 - L0[O] Q1 
[  0] Utilization = 1.00 | pJ/MACC =    7.713 | L5[WIO] C3 - L4[I] M3 C4 P13 Q13 M16Y C16X - L3[W] M2 S3 R3 - L2[W] Q1 - L1[I] Q1 - L0[O] Q1 
[  2] Utilization = 1.00 | pJ/MACC =    6.527 | L5[WIO] C4 - L4[I] M3 P13 Q13 M16Y C16X - L3[W] M2 C3 S3 R3 - L2[W] Q1 - L1[I] Q1 - L0[O] Q1 
[  0] Utilization = 1.00 | pJ/MACC =    6.823 | L5[WIO] M2 - L4[I] C6 Q13 P13 M16Y C16X - L3[W] M3 C2 S3 R3 - L2[W] Q1 - L1[I] Q1 - L0[O] Q1 
[  5] Utilization = 1.00 | pJ/MACC =    6.231 | L5[WIO] C2 M2 - L4[I] P13 Q13 M16Y C16X - L3[W] M3 C6 S3 R3 - L2[W] Q1 - L1[I] Q1 - L0[O] Q1 
[  7] Utilization = 1.00 | pJ/MACC =    6.753 | L5[WIO] M2 C2 - L4[I] C2 P13 Q13 M16Y C16X - L3[W] M3 C3 S3 R3 - L2[W] Q1 - L1[I] Q1 - L0[O] Q1 
[  5] Utilization = 1.00 | pJ/MACC =    6.082 | L5[WIO] M6 - L4[I] Q13 P13 M16Y C16X - L3[W] C12 S3 R3 - L2[W] Q1 - L1[I] Q1 - L0[O] Q1 
[  6] STATEMENT: 3000 suboptimal mappings found since the last upgrade, terminating search.
[  3] STATEMENT: 3000 suboptimal mappings found since the last upgrade, terminating search.
[  0] STATEMENT: 3000 suboptimal mappings found since the last upgrade, terminating search.
[  2] STATEMENT: 3000 suboptimal mappings found since the last upgrade, terminating search.
[  4] STATEMENT: 3000 suboptimal mappings found since the last upgrade, terminating search.
[  1] STATEMENT: 3000 suboptimal mappings found since the last upgrade, terminating search.
[  7] Utilization = 1.00 | pJ/MACC =    6.527 | L5[WIO] C2 M3 - L4[I] C2 P13 Q13 M16Y C16X - L3[W] M2 C3 S3 R3 - L2[W] Q1 - L1[I] Q1 - L0[O] Q1 
[  5] STATEMENT: 3000 suboptimal mappings found since the last upgrade, terminating search.
[  7] STATEMENT: 3000 suboptimal mappings found since the last upgrade, terminating search.
